failed to get Ubuntu AMI for region af-south-1: failed to get Ubuntu AMI for region af-south-1: fork/exec aws ec2 describe-images --region af-south-1 --owners 099720109477 --filters "Name=name,Values=ubuntu/images/hvm-ssd/ubuntu-jammy-22.04-amd64-server-*" "Name=state,Values=available" --query "sort_by(Images, &CreationDate)[-1].ImageId" --output text: no such file or directory
Command output: 
failed to get Ubuntu AMI for region ap-east-1: failed to get Ubuntu AMI for region ap-east-1: fork/exec aws ec2 describe-images --region ap-east-1 --owners 099720109477 --filters "Name=name,Values=ubuntu/images/hvm-ssd/ubuntu-jammy-22.04-amd64-server-*" "Name=state,Values=available" --query "sort_by(Images, &CreationDate)[-1].ImageId" --output text: no such file or directory
Command output: 
failed to get Ubuntu AMI for region ap-northeast-2: failed to get Ubuntu AMI for region ap-northeast-2: fork/exec aws ec2 describe-images --region ap-northeast-2 --owners 099720109477 --filters "Name=name,Values=ubuntu/images/hvm-ssd/ubuntu-jammy-22.04-amd64-server-*" "Name=state,Values=available" --query "sort_by(Images, &CreationDate)[-1].ImageId" --output text: no such file or directory
Command output: 
failed to get Ubuntu AMI for region ap-northeast-1: failed to get Ubuntu AMI for region ap-northeast-1: fork/exec aws ec2 describe-images --region ap-northeast-1 --owners 099720109477 --filters "Name=name,Values=ubuntu/images/hvm-ssd/ubuntu-jammy-22.04-amd64-server-*" "Name=state,Values=available" --query "sort_by(Images, &CreationDate)[-1].ImageId" --output text: no such file or directory
Command output: 
failed to get Ubuntu AMI for region ap-northeast-3: failed to get Ubuntu AMI for region ap-northeast-3: fork/exec aws ec2 describe-images --region ap-northeast-3 --owners 099720109477 --filters "Name=name,Values=ubuntu/images/hvm-ssd/ubuntu-jammy-22.04-amd64-server-*" "Name=state,Values=available" --query "sort_by(Images, &CreationDate)[-1].ImageId" --output text: no such file or directory
Command output: 
failed to get Ubuntu AMI for region ap-southeast-2: failed to get Ubuntu AMI for region ap-southeast-2: fork/exec aws ec2 describe-images --region ap-southeast-2 --owners 099720109477 --filters "Name=name,Values=ubuntu/images/hvm-ssd/ubuntu-jammy-22.04-amd64-server-*" "Name=state,Values=available" --query "sort_by(Images, &CreationDate)[-1].ImageId" --output text: no such file or directory
Command output: 
failed to get Ubuntu AMI for region ap-south-2: failed to get Ubuntu AMI for region ap-south-2: fork/exec aws ec2 describe-images --region ap-south-2 --owners 099720109477 --filters "Name=name,Values=ubuntu/images/hvm-ssd/ubuntu-jammy-22.04-amd64-server-*" "Name=state,Values=available" --query "sort_by(Images, &CreationDate)[-1].ImageId" --output text: no such file or directory
Command output: 
failed to get Ubuntu AMI for region ap-southeast-3: failed to get Ubuntu AMI for region ap-southeast-3: fork/exec aws ec2 describe-images --region ap-southeast-3 --owners 099720109477 --filters "Name=name,Values=ubuntu/images/hvm-ssd/ubuntu-jammy-22.04-amd64-server-*" "Name=state,Values=available" --query "sort_by(Images, &CreationDate)[-1].ImageId" --output text: no such file or directory
Command output: 
failed to get Ubuntu AMI for region ap-southeast-1: failed to get Ubuntu AMI for region ap-southeast-1: fork/exec aws ec2 describe-images --region ap-southeast-1 --owners 099720109477 --filters "Name=name,Values=ubuntu/images/hvm-ssd/ubuntu-jammy-22.04-amd64-server-*" "Name=state,Values=available" --query "sort_by(Images, &CreationDate)[-1].ImageId" --output text: no such file or directory
Command output: 
failed to get Ubuntu AMI for region ap-south-1: failed to get Ubuntu AMI for region ap-south-1: fork/exec aws ec2 describe-images --region ap-south-1 --owners 099720109477 --filters "Name=name,Values=ubuntu/images/hvm-ssd/ubuntu-jammy-22.04-amd64-server-*" "Name=state,Values=available" --query "sort_by(Images, &CreationDate)[-1].ImageId" --output text: no such file or directory
Command output: 
failed to get Ubuntu AMI for region eu-north-1: failed to get Ubuntu AMI for region eu-north-1: fork/exec aws ec2 describe-images --region eu-north-1 --owners 099720109477 --filters "Name=name,Values=ubuntu/images/hvm-ssd/ubuntu-jammy-22.04-amd64-server-*" "Name=state,Values=available" --query "sort_by(Images, &CreationDate)[-1].ImageId" --output text: no such file or directory
Command output: 
failed to get Ubuntu AMI for region ap-southeast-4: failed to get Ubuntu AMI for region ap-southeast-4: fork/exec aws ec2 describe-images --region ap-southeast-4 --owners 099720109477 --filters "Name=name,Values=ubuntu/images/hvm-ssd/ubuntu-jammy-22.04-amd64-server-*" "Name=state,Values=available" --query "sort_by(Images, &CreationDate)[-1].ImageId" --output text: no such file or directory
Command output: 
failed to get Ubuntu AMI for region ca-central-1: failed to get Ubuntu AMI for region ca-central-1: fork/exec aws ec2 describe-images --region ca-central-1 --owners 099720109477 --filters "Name=name,Values=ubuntu/images/hvm-ssd/ubuntu-jammy-22.04-amd64-server-*" "Name=state,Values=available" --query "sort_by(Images, &CreationDate)[-1].ImageId" --output text: no such file or directory
Command output: 
failed to get Ubuntu AMI for region ap-southeast-5: failed to get Ubuntu AMI for region ap-southeast-5: fork/exec aws ec2 describe-images --region ap-southeast-5 --owners 099720109477 --filters "Name=name,Values=ubuntu/images/hvm-ssd/ubuntu-jammy-22.04-amd64-server-*" "Name=state,Values=available" --query "sort_by(Images, &CreationDate)[-1].ImageId" --output text: no such file or directory
Command output: 
failed to get Ubuntu AMI for region ca-west-1: failed to get Ubuntu AMI for region ca-west-1: fork/exec aws ec2 describe-images --region ca-west-1 --owners 099720109477 --filters "Name=name,Values=ubuntu/images/hvm-ssd/ubuntu-jammy-22.04-amd64-server-*" "Name=state,Values=available" --query "sort_by(Images, &CreationDate)[-1].ImageId" --output text: no such file or directory
Command output: 
failed to get Ubuntu AMI for region eu-central-2: failed to get Ubuntu AMI for region eu-central-2: fork/exec aws ec2 describe-images --region eu-central-2 --owners 099720109477 --filters "Name=name,Values=ubuntu/images/hvm-ssd/ubuntu-jammy-22.04-amd64-server-*" "Name=state,Values=available" --query "sort_by(Images, &CreationDate)[-1].ImageId" --output text: no such file or directory
Command output: 
failed to get Ubuntu AMI for region eu-central-1: failed to get Ubuntu AMI for region eu-central-1: fork/exec aws ec2 describe-images --region eu-central-1 --owners 099720109477 --filters "Name=name,Values=ubuntu/images/hvm-ssd/ubuntu-jammy-22.04-amd64-server-*" "Name=state,Values=available" --query "sort_by(Images, &CreationDate)[-1].ImageId" --output text: no such file or directory
Command output: 
failed to get Ubuntu AMI for region eu-south-1: failed to get Ubuntu AMI for region eu-south-1: fork/exec aws ec2 describe-images --region eu-south-1 --owners 099720109477 --filters "Name=name,Values=ubuntu/images/hvm-ssd/ubuntu-jammy-22.04-amd64-server-*" "Name=state,Values=available" --query "sort_by(Images, &CreationDate)[-1].ImageId" --output text: no such file or directory
Command output: 
failed to get Ubuntu AMI for region eu-west-1: failed to get Ubuntu AMI for region eu-west-1: fork/exec aws ec2 describe-images --region eu-west-1 --owners 099720109477 --filters "Name=name,Values=ubuntu/images/hvm-ssd/ubuntu-jammy-22.04-amd64-server-*" "Name=state,Values=available" --query "sort_by(Images, &CreationDate)[-1].ImageId" --output text: no such file or directory
Command output: 
failed to get Ubuntu AMI for region eu-south-2: failed to get Ubuntu AMI for region eu-south-2: fork/exec aws ec2 describe-images --region eu-south-2 --owners 099720109477 --filters "Name=name,Values=ubuntu/images/hvm-ssd/ubuntu-jammy-22.04-amd64-server-*" "Name=state,Values=available" --query "sort_by(Images, &CreationDate)[-1].ImageId" --output text: no such file or directory
Command output: 
failed to get Ubuntu AMI for region eu-west-3: failed to get Ubuntu AMI for region eu-west-3: fork/exec aws ec2 describe-images --region eu-west-3 --owners 099720109477 --filters "Name=name,Values=ubuntu/images/hvm-ssd/ubuntu-jammy-22.04-amd64-server-*" "Name=state,Values=available" --query "sort_by(Images, &CreationDate)[-1].ImageId" --output text: no such file or directory
Command output: 
failed to get Ubuntu AMI for region il-central-1: failed to get Ubuntu AMI for region il-central-1: fork/exec aws ec2 describe-images --region il-central-1 --owners 099720109477 --filters "Name=name,Values=ubuntu/images/hvm-ssd/ubuntu-jammy-22.04-amd64-server-*" "Name=state,Values=available" --query "sort_by(Images, &CreationDate)[-1].ImageId" --output text: no such file or directory
Command output: 
failed to get Ubuntu AMI for region eu-west-2: failed to get Ubuntu AMI for region eu-west-2: fork/exec aws ec2 describe-images --region eu-west-2 --owners 099720109477 --filters "Name=name,Values=ubuntu/images/hvm-ssd/ubuntu-jammy-22.04-amd64-server-*" "Name=state,Values=available" --query "sort_by(Images, &CreationDate)[-1].ImageId" --output text: no such file or directory
Command output: 
failed to get Ubuntu AMI for region me-central-1: failed to get Ubuntu AMI for region me-central-1: fork/exec aws ec2 describe-images --region me-central-1 --owners 099720109477 --filters "Name=name,Values=ubuntu/images/hvm-ssd/ubuntu-jammy-22.04-amd64-server-*" "Name=state,Values=available" --query "sort_by(Images, &CreationDate)[-1].ImageId" --output text: no such file or directory
Command output: 
failed to get Ubuntu AMI for region sa-east-1: failed to get Ubuntu AMI for region sa-east-1: fork/exec aws ec2 describe-images --region sa-east-1 --owners 099720109477 --filters "Name=name,Values=ubuntu/images/hvm-ssd/ubuntu-jammy-22.04-amd64-server-*" "Name=state,Values=available" --query "sort_by(Images, &CreationDate)[-1].ImageId" --output text: no such file or directory
Command output: 
failed to get Ubuntu AMI for region me-south-1: failed to get Ubuntu AMI for region me-south-1: fork/exec aws ec2 describe-images --region me-south-1 --owners 099720109477 --filters "Name=name,Values=ubuntu/images/hvm-ssd/ubuntu-jammy-22.04-amd64-server-*" "Name=state,Values=available" --query "sort_by(Images, &CreationDate)[-1].ImageId" --output text: no such file or directory
Command output: 
failed to get Ubuntu AMI for region us-east-1: failed to get Ubuntu AMI for region us-east-1: fork/exec aws ec2 describe-images --region us-east-1 --owners 099720109477 --filters "Name=name,Values=ubuntu/images/hvm-ssd/ubuntu-jammy-22.04-amd64-server-*" "Name=state,Values=available" --query "sort_by(Images, &CreationDate)[-1].ImageId" --output text: no such file or directory
Command output: 
failed to get Ubuntu AMI for region us-east-2: failed to get Ubuntu AMI for region us-east-2: fork/exec aws ec2 describe-images --region us-east-2 --owners 099720109477 --filters "Name=name,Values=ubuntu/images/hvm-ssd/ubuntu-jammy-22.04-amd64-server-*" "Name=state,Values=available" --query "sort_by(Images, &CreationDate)[-1].ImageId" --output text: no such file or directory
Command output: 
failed to get Ubuntu AMI for region us-west-1: failed to get Ubuntu AMI for region us-west-1: fork/exec aws ec2 describe-images --region us-west-1 --owners 099720109477 --filters "Name=name,Values=ubuntu/images/hvm-ssd/ubuntu-jammy-22.04-amd64-server-*" "Name=state,Values=available" --query "sort_by(Images, &CreationDate)[-1].ImageId" --output text: no such file or directory
Command output: 
failed to get Ubuntu AMI for region us-west-2: failed to get Ubuntu AMI for region us-west-2: fork/exec aws ec2 describe-images --region us-west-2 --owners 099720109477 --filters "Name=name,Values=ubuntu/images/hvm-ssd/ubuntu-jammy-22.04-amd64-server-*" "Name=state,Values=available" --query "sort_by(Images, &CreationDate)[-1].ImageId" --output text: no such file or directory
Command output: 