mode: set
github.com/bacalhau-project/andaime/internal/testutil/testutil.go:10.50,13.16 3 0
github.com/bacalhau-project/andaime/internal/testutil/testutil.go:13.16,15.3 1 0
github.com/bacalhau-project/andaime/internal/testutil/testutil.go:16.2,20.16 5 0
github.com/bacalhau-project/andaime/internal/testutil/testutil.go:20.16,22.3 1 0
github.com/bacalhau-project/andaime/internal/testutil/testutil.go:23.2,23.30 1 0
github.com/bacalhau-project/andaime/internal/testutil/testutil.go:27.99,29.16 2 0
github.com/bacalhau-project/andaime/internal/testutil/testutil.go:29.16,31.3 1 0
github.com/bacalhau-project/andaime/internal/testutil/testutil.go:33.2,33.39 1 0
github.com/bacalhau-project/andaime/internal/testutil/testutil.go:36.68,38.16 2 0
github.com/bacalhau-project/andaime/internal/testutil/testutil.go:38.16,40.3 1 0
github.com/bacalhau-project/andaime/internal/testutil/testutil.go:42.2,42.57 1 0
github.com/bacalhau-project/andaime/internal/testutil/testutil.go:42.57,46.3 3 0
github.com/bacalhau-project/andaime/internal/testutil/testutil.go:48.2,50.20 2 0
github.com/bacalhau-project/andaime/internal/testutil/testutil.go:50.20,52.3 1 0
github.com/bacalhau-project/andaime/internal/testutil/testutil.go:54.2,54.38 1 0
github.com/bacalhau-project/andaime/internal/testutil/testutil.go:57.77,59.16 2 0
github.com/bacalhau-project/andaime/internal/testutil/testutil.go:59.16,60.13 1 0
github.com/bacalhau-project/andaime/internal/testutil/testutil.go:62.2,63.16 2 0
github.com/bacalhau-project/andaime/internal/testutil/testutil.go:63.16,64.13 1 0
github.com/bacalhau-project/andaime/internal/testutil/testutil.go:67.2,67.89 1 0
github.com/bacalhau-project/andaime/cmd/beta/aws/create_deployment.go:17.13,19.2 1 0
github.com/bacalhau-project/andaime/cmd/beta/aws/create_deployment.go:25.54,27.17 2 0
github.com/bacalhau-project/andaime/cmd/beta/aws/create_deployment.go:27.17,29.4 1 0
github.com/bacalhau-project/andaime/cmd/beta/aws/create_deployment.go:31.3,32.17 2 0
github.com/bacalhau-project/andaime/cmd/beta/aws/create_deployment.go:32.17,34.4 1 0
github.com/bacalhau-project/andaime/cmd/beta/aws/create_deployment.go:36.3,37.13 2 0
github.com/bacalhau-project/andaime/cmd/beta/aws/destroy_deployment.go:17.13,20.2 1 0
github.com/bacalhau-project/andaime/cmd/beta/aws/destroy_deployment.go:26.54,28.17 2 0
github.com/bacalhau-project/andaime/cmd/beta/aws/destroy_deployment.go:28.17,30.4 1 0
github.com/bacalhau-project/andaime/cmd/beta/aws/destroy_deployment.go:32.3,33.17 2 0
github.com/bacalhau-project/andaime/cmd/beta/aws/destroy_deployment.go:33.17,35.4 1 0
github.com/bacalhau-project/andaime/cmd/beta/aws/destroy_deployment.go:37.3,38.13 2 0
github.com/bacalhau-project/andaime/cmd/beta/aws/list_deployment.go:17.13,20.2 1 0
github.com/bacalhau-project/andaime/cmd/beta/aws/list_deployment.go:26.54,28.17 2 0
github.com/bacalhau-project/andaime/cmd/beta/aws/list_deployment.go:28.17,30.4 1 0
github.com/bacalhau-project/andaime/cmd/beta/aws/list_deployment.go:32.3,33.17 2 0
github.com/bacalhau-project/andaime/cmd/beta/aws/list_deployment.go:33.17,35.4 1 0
github.com/bacalhau-project/andaime/cmd/beta/aws/list_deployment.go:38.3,38.42 1 0
github.com/bacalhau-project/andaime/cmd/beta/aws/list_deployment.go:38.42,40.4 1 0
github.com/bacalhau-project/andaime/cmd/beta/aws/list_deployment.go:42.3,42.13 1 0
github.com/bacalhau-project/andaime/cmd/beta/aws/root.go:13.13,16.2 1 0
github.com/bacalhau-project/andaime/internal/clouds/azure/embed.go:14.42,16.16 2 0
github.com/bacalhau-project/andaime/internal/clouds/azure/embed.go:16.16,18.3 1 0
github.com/bacalhau-project/andaime/internal/clouds/azure/embed.go:20.2,22.24 2 0
github.com/bacalhau-project/andaime/internal/clouds/azure/embed.go:25.39,27.16 2 0
github.com/bacalhau-project/andaime/internal/clouds/azure/embed.go:27.16,29.3 1 0
github.com/bacalhau-project/andaime/internal/clouds/azure/embed.go:31.2,33.24 2 0
github.com/bacalhau-project/andaime/internal/clouds/azure/embed.go:36.44,39.16 2 0
github.com/bacalhau-project/andaime/internal/clouds/azure/embed.go:39.16,41.3 1 0
github.com/bacalhau-project/andaime/internal/clouds/azure/embed.go:42.2,42.20 1 0
github.com/bacalhau-project/andaime/internal/clouds/azure/embed.go:42.20,44.3 1 0
github.com/bacalhau-project/andaime/internal/clouds/azure/embed.go:46.2,46.47 1 0
github.com/bacalhau-project/andaime/internal/clouds/azure/embed.go:46.47,47.32 1 0
github.com/bacalhau-project/andaime/internal/clouds/azure/embed.go:47.32,49.4 1 0
github.com/bacalhau-project/andaime/internal/clouds/azure/embed.go:51.2,51.14 1 0
github.com/bacalhau-project/andaime/internal/clouds/azure/embed.go:54.50,57.16 2 0
github.com/bacalhau-project/andaime/internal/clouds/azure/embed.go:57.16,59.3 1 0
github.com/bacalhau-project/andaime/internal/clouds/azure/embed.go:60.2,60.23 1 0
github.com/bacalhau-project/andaime/internal/clouds/azure/embed.go:60.23,62.3 1 0
github.com/bacalhau-project/andaime/internal/clouds/azure/embed.go:63.2,63.39 1 0
github.com/bacalhau-project/andaime/internal/clouds/azure/embed.go:63.39,64.31 1 0
github.com/bacalhau-project/andaime/internal/clouds/azure/embed.go:64.31,66.4 1 0
github.com/bacalhau-project/andaime/internal/clouds/azure/embed.go:68.2,68.14 1 0
github.com/bacalhau-project/andaime/pkg/logger/logger.go:35.46,38.15 3 0
github.com/bacalhau-project/andaime/pkg/logger/logger.go:39.25,40.25 1 0
github.com/bacalhau-project/andaime/pkg/logger/logger.go:41.25,42.26 1 0
github.com/bacalhau-project/andaime/pkg/logger/logger.go:43.26,44.24 1 0
github.com/bacalhau-project/andaime/pkg/logger/logger.go:45.10,46.25 1 0
github.com/bacalhau-project/andaime/pkg/logger/logger.go:48.2,48.68 1 0
github.com/bacalhau-project/andaime/pkg/logger/logger.go:61.59,62.31 1 0
github.com/bacalhau-project/andaime/pkg/logger/logger.go:62.31,64.3 1 0
github.com/bacalhau-project/andaime/pkg/logger/logger.go:65.2,65.20 1 0
github.com/bacalhau-project/andaime/pkg/logger/logger.go:69.34,71.38 2 0
github.com/bacalhau-project/andaime/pkg/logger/logger.go:72.15,73.28 1 0
github.com/bacalhau-project/andaime/pkg/logger/logger.go:74.14,75.27 1 0
github.com/bacalhau-project/andaime/pkg/logger/logger.go:76.14,77.27 1 0
github.com/bacalhau-project/andaime/pkg/logger/logger.go:78.15,79.28 1 0
github.com/bacalhau-project/andaime/pkg/logger/logger.go:80.10,81.27 1 0
github.com/bacalhau-project/andaime/pkg/logger/logger.go:84.23,85.17 1 0
github.com/bacalhau-project/andaime/pkg/logger/logger.go:85.17,115.37 6 0
github.com/bacalhau-project/andaime/pkg/logger/logger.go:115.37,122.18 4 0
github.com/bacalhau-project/andaime/pkg/logger/logger.go:122.18,124.5 1 0
github.com/bacalhau-project/andaime/pkg/logger/logger.go:124.10,131.5 2 0
github.com/bacalhau-project/andaime/pkg/logger/logger.go:135.3,139.24 3 0
github.com/bacalhau-project/andaime/pkg/logger/logger.go:147.61,149.37 1 0
github.com/bacalhau-project/andaime/pkg/logger/logger.go:149.37,151.3 1 0
github.com/bacalhau-project/andaime/pkg/logger/logger.go:151.8,153.3 1 0
github.com/bacalhau-project/andaime/pkg/logger/logger.go:154.2,154.20 1 0
github.com/bacalhau-project/andaime/pkg/logger/logger.go:158.36,159.17 1 0
github.com/bacalhau-project/andaime/pkg/logger/logger.go:159.17,165.54 2 0
github.com/bacalhau-project/andaime/pkg/logger/logger.go:165.54,167.5 1 0
github.com/bacalhau-project/andaime/pkg/logger/logger.go:170.3,170.31 1 0
github.com/bacalhau-project/andaime/pkg/logger/logger.go:175.20,176.25 1 0
github.com/bacalhau-project/andaime/pkg/logger/logger.go:176.25,178.3 1 0
github.com/bacalhau-project/andaime/pkg/logger/logger.go:179.2,181.15 3 0
github.com/bacalhau-project/andaime/pkg/logger/logger.go:185.52,187.2 1 0
github.com/bacalhau-project/andaime/pkg/logger/logger.go:190.57,192.2 1 0
github.com/bacalhau-project/andaime/pkg/logger/logger.go:195.56,197.2 1 0
github.com/bacalhau-project/andaime/pkg/logger/logger.go:200.56,202.2 1 0
github.com/bacalhau-project/andaime/pkg/logger/logger.go:205.57,207.2 1 0
github.com/bacalhau-project/andaime/pkg/logger/logger.go:210.57,212.2 1 0
github.com/bacalhau-project/andaime/pkg/logger/logger.go:215.31,217.2 1 0
github.com/bacalhau-project/andaime/pkg/logger/logger.go:220.61,223.2 2 0
github.com/bacalhau-project/andaime/pkg/logger/logger.go:226.60,229.2 2 0
github.com/bacalhau-project/andaime/pkg/logger/logger.go:232.60,235.2 2 0
github.com/bacalhau-project/andaime/pkg/logger/logger.go:238.61,241.2 2 0
github.com/bacalhau-project/andaime/pkg/logger/logger.go:244.61,247.2 2 0
github.com/bacalhau-project/andaime/pkg/logger/logger.go:250.29,252.2 1 0
github.com/bacalhau-project/andaime/pkg/logger/logger.go:255.36,256.25 1 0
github.com/bacalhau-project/andaime/pkg/logger/logger.go:256.25,258.3 1 0
github.com/bacalhau-project/andaime/pkg/logger/logger.go:259.2,259.67 1 0
github.com/bacalhau-project/andaime/pkg/logger/logger.go:263.37,264.42 1 0
github.com/bacalhau-project/andaime/pkg/logger/logger.go:264.42,267.3 2 0
github.com/bacalhau-project/andaime/pkg/logger/logger.go:267.8,269.3 1 0
github.com/bacalhau-project/andaime/pkg/logger/logger.go:270.2,270.18 1 0
github.com/bacalhau-project/andaime/pkg/logger/logger.go:277.61,279.2 1 0
github.com/bacalhau-project/andaime/pkg/logger/logger.go:282.41,284.25 2 0
github.com/bacalhau-project/andaime/pkg/logger/logger.go:284.25,286.3 1 0
github.com/bacalhau-project/andaime/pkg/logger/logger.go:290.50,292.16 2 0
github.com/bacalhau-project/andaime/pkg/logger/logger.go:292.16,294.3 1 0
github.com/bacalhau-project/andaime/pkg/logger/logger.go:294.8,296.3 1 0
github.com/bacalhau-project/andaime/pkg/logger/logger.go:299.29,300.25 1 0
github.com/bacalhau-project/andaime/pkg/logger/logger.go:300.25,302.3 1 0
github.com/bacalhau-project/andaime/pkg/logger/logger.go:303.2,303.25 1 0
github.com/bacalhau-project/andaime/pkg/logger/logger.go:306.36,307.25 1 0
github.com/bacalhau-project/andaime/pkg/logger/logger.go:307.25,309.3 1 0
github.com/bacalhau-project/andaime/pkg/logger/logger.go:310.2,310.24 1 0
github.com/bacalhau-project/andaime/pkg/utils/strings.go:12.34,14.2 1 0
github.com/bacalhau-project/andaime/pkg/utils/strings.go:16.45,18.16 2 0
github.com/bacalhau-project/andaime/pkg/utils/strings.go:18.16,21.3 1 0
github.com/bacalhau-project/andaime/pkg/utils/strings.go:22.2,22.18 1 0
github.com/bacalhau-project/andaime/pkg/utils/strings.go:25.32,28.19 3 0
github.com/bacalhau-project/andaime/pkg/utils/strings.go:28.19,30.17 2 0
github.com/bacalhau-project/andaime/pkg/utils/strings.go:30.17,32.4 1 0
github.com/bacalhau-project/andaime/pkg/utils/strings.go:33.3,33.37 1 0
github.com/bacalhau-project/andaime/pkg/utils/strings.go:35.2,35.18 1 0
github.com/bacalhau-project/andaime/pkg/utils/strings.go:39.34,43.14 2 0
github.com/bacalhau-project/andaime/pkg/utils/strings.go:43.14,45.3 1 0
github.com/bacalhau-project/andaime/pkg/utils/strings.go:45.8,48.3 2 0
github.com/bacalhau-project/andaime/utils/strings.go:16.34,18.2 1 0
github.com/bacalhau-project/andaime/utils/strings.go:20.45,22.16 2 0
github.com/bacalhau-project/andaime/utils/strings.go:22.16,25.3 1 0
github.com/bacalhau-project/andaime/utils/strings.go:26.2,26.18 1 0
github.com/bacalhau-project/andaime/utils/strings.go:29.32,32.19 3 0
github.com/bacalhau-project/andaime/utils/strings.go:32.19,34.17 2 0
github.com/bacalhau-project/andaime/utils/strings.go:34.17,36.4 1 0
github.com/bacalhau-project/andaime/utils/strings.go:37.3,37.37 1 0
github.com/bacalhau-project/andaime/utils/strings.go:39.2,39.18 1 0
github.com/bacalhau-project/andaime/utils/strings.go:43.34,47.14 2 0
github.com/bacalhau-project/andaime/utils/strings.go:47.14,49.3 1 0
github.com/bacalhau-project/andaime/utils/strings.go:49.8,52.3 2 0
github.com/bacalhau-project/andaime/utils/strings.go:55.46,56.35 1 0
github.com/bacalhau-project/andaime/utils/strings.go:56.35,58.17 2 0
github.com/bacalhau-project/andaime/utils/strings.go:58.17,60.4 1 0
github.com/bacalhau-project/andaime/utils/strings.go:61.3,61.46 1 0
github.com/bacalhau-project/andaime/utils/strings.go:63.2,63.18 1 0
github.com/bacalhau-project/andaime/utils/strings.go:67.60,70.29 2 0
github.com/bacalhau-project/andaime/utils/strings.go:70.29,72.3 1 0
github.com/bacalhau-project/andaime/utils/strings.go:73.2,74.28 2 0
github.com/bacalhau-project/andaime/utils/strings.go:74.28,76.3 1 0
github.com/bacalhau-project/andaime/utils/strings.go:79.2,82.22 2 0
github.com/bacalhau-project/andaime/utils/strings.go:82.22,84.3 1 0
github.com/bacalhau-project/andaime/utils/strings.go:86.2,86.15 1 0
github.com/bacalhau-project/andaime/internal/testutil/testutil.go:10.50,13.16 3 0
github.com/bacalhau-project/andaime/internal/testutil/testutil.go:13.16,15.3 1 0
github.com/bacalhau-project/andaime/internal/testutil/testutil.go:16.2,20.16 5 0
github.com/bacalhau-project/andaime/internal/testutil/testutil.go:20.16,22.3 1 0
github.com/bacalhau-project/andaime/internal/testutil/testutil.go:23.2,23.30 1 0
github.com/bacalhau-project/andaime/internal/testutil/testutil.go:27.99,29.16 2 0
github.com/bacalhau-project/andaime/internal/testutil/testutil.go:29.16,31.3 1 0
github.com/bacalhau-project/andaime/internal/testutil/testutil.go:33.2,33.39 1 0
github.com/bacalhau-project/andaime/internal/testutil/testutil.go:36.68,38.16 2 1
github.com/bacalhau-project/andaime/internal/testutil/testutil.go:38.16,40.3 1 0
github.com/bacalhau-project/andaime/internal/testutil/testutil.go:42.2,42.57 1 1
github.com/bacalhau-project/andaime/internal/testutil/testutil.go:42.57,46.3 3 0
github.com/bacalhau-project/andaime/internal/testutil/testutil.go:48.2,50.20 2 1
github.com/bacalhau-project/andaime/internal/testutil/testutil.go:50.20,52.3 1 1
github.com/bacalhau-project/andaime/internal/testutil/testutil.go:54.2,54.38 1 1
github.com/bacalhau-project/andaime/internal/testutil/testutil.go:57.77,59.16 2 1
github.com/bacalhau-project/andaime/internal/testutil/testutil.go:59.16,60.13 1 0
github.com/bacalhau-project/andaime/internal/testutil/testutil.go:62.2,63.16 2 1
github.com/bacalhau-project/andaime/internal/testutil/testutil.go:63.16,64.13 1 0
github.com/bacalhau-project/andaime/internal/testutil/testutil.go:67.2,67.89 1 1
github.com/bacalhau-project/andaime/pkg/config/config.go:18.58,23.41 4 1
github.com/bacalhau-project/andaime/pkg/config/config.go:23.41,25.3 1 1
github.com/bacalhau-project/andaime/pkg/config/config.go:27.2,27.42 1 1
github.com/bacalhau-project/andaime/pkg/config/config.go:27.42,29.3 1 0
github.com/bacalhau-project/andaime/pkg/config/config.go:30.2,30.15 1 1
github.com/bacalhau-project/andaime/pkg/config/config.go:33.43,35.39 2 1
github.com/bacalhau-project/andaime/pkg/config/config.go:35.39,36.22 1 1
github.com/bacalhau-project/andaime/pkg/config/config.go:36.22,38.4 1 0
github.com/bacalhau-project/andaime/pkg/config/config.go:41.2,41.28 1 1
github.com/bacalhau-project/andaime/pkg/config/config.go:41.28,43.3 1 0
github.com/bacalhau-project/andaime/pkg/config/config.go:47.2,47.35 1 1
github.com/bacalhau-project/andaime/pkg/config/config.go:47.35,49.3 1 1
github.com/bacalhau-project/andaime/pkg/config/config.go:52.2,53.51 2 1
github.com/bacalhau-project/andaime/pkg/config/config.go:53.51,55.3 1 0
github.com/bacalhau-project/andaime/pkg/config/config.go:57.2,57.12 1 1
github.com/bacalhau-project/andaime/pkg/config/config.go:60.49,64.22 2 1
github.com/bacalhau-project/andaime/pkg/config/config.go:64.22,67.3 2 1
github.com/bacalhau-project/andaime/pkg/config/config.go:71.2,71.21 1 1
github.com/bacalhau-project/andaime/pkg/config/config.go:71.21,73.3 1 1
github.com/bacalhau-project/andaime/pkg/config/config.go:75.2,75.12 1 1
github.com/bacalhau-project/andaime/pkg/config/config.go:78.51,83.25 3 1
github.com/bacalhau-project/andaime/pkg/config/config.go:83.25,85.3 1 0
github.com/bacalhau-project/andaime/pkg/config/config.go:87.2,87.32 1 1
github.com/bacalhau-project/andaime/pkg/config/config.go:87.32,89.37 2 1
github.com/bacalhau-project/andaime/pkg/config/config.go:89.37,91.4 1 0
github.com/bacalhau-project/andaime/pkg/config/config.go:92.3,92.41 1 1
github.com/bacalhau-project/andaime/pkg/config/config.go:92.41,95.4 2 1
github.com/bacalhau-project/andaime/pkg/config/config.go:95.9,97.4 1 1
github.com/bacalhau-project/andaime/pkg/config/config.go:101.2,102.36 2 1
github.com/bacalhau-project/andaime/pkg/config/config.go:102.36,103.31 1 1
github.com/bacalhau-project/andaime/pkg/config/config.go:103.31,105.4 1 0
github.com/bacalhau-project/andaime/pkg/config/config.go:109.2,110.21 2 1
github.com/bacalhau-project/andaime/pkg/config/config.go:110.21,112.3 1 0
github.com/bacalhau-project/andaime/pkg/config/config.go:114.2,114.15 1 1
github.com/bacalhau-project/andaime/pkg/config/config.go:117.50,120.26 2 1
github.com/bacalhau-project/andaime/pkg/config/config.go:120.26,122.33 2 1
github.com/bacalhau-project/andaime/pkg/config/config.go:122.33,124.4 1 0
github.com/bacalhau-project/andaime/pkg/config/config.go:125.3,125.43 1 1
github.com/bacalhau-project/andaime/pkg/config/config.go:125.43,128.4 2 1
github.com/bacalhau-project/andaime/pkg/config/config.go:128.9,130.4 1 0
github.com/bacalhau-project/andaime/pkg/config/config.go:133.2,133.15 1 1
github.com/bacalhau-project/andaime/pkg/config/config.go:136.56,139.29 2 1
github.com/bacalhau-project/andaime/pkg/config/config.go:139.29,141.36 2 1
github.com/bacalhau-project/andaime/pkg/config/config.go:141.36,143.4 1 0
github.com/bacalhau-project/andaime/pkg/config/config.go:144.3,144.40 1 1
github.com/bacalhau-project/andaime/pkg/config/config.go:144.40,145.23 1 1
github.com/bacalhau-project/andaime/pkg/config/config.go:145.23,147.5 1 0
github.com/bacalhau-project/andaime/pkg/config/config.go:148.9,150.4 1 0
github.com/bacalhau-project/andaime/pkg/config/config.go:153.2,153.15 1 1
github.com/bacalhau-project/andaime/pkg/config/config.go:156.49,157.26 1 0
github.com/bacalhau-project/andaime/pkg/config/config.go:157.26,158.16 1 0
github.com/bacalhau-project/andaime/pkg/config/config.go:158.16,160.4 1 0
github.com/bacalhau-project/andaime/pkg/config/config.go:162.2,162.14 1 0
github.com/bacalhau-project/andaime/pkg/logger/logger.go:35.46,38.15 3 0
github.com/bacalhau-project/andaime/pkg/logger/logger.go:39.25,40.25 1 0
github.com/bacalhau-project/andaime/pkg/logger/logger.go:41.25,42.26 1 0
github.com/bacalhau-project/andaime/pkg/logger/logger.go:43.26,44.24 1 0
github.com/bacalhau-project/andaime/pkg/logger/logger.go:45.10,46.25 1 0
github.com/bacalhau-project/andaime/pkg/logger/logger.go:48.2,48.68 1 0
github.com/bacalhau-project/andaime/pkg/logger/logger.go:61.59,62.31 1 0
github.com/bacalhau-project/andaime/pkg/logger/logger.go:62.31,64.3 1 0
github.com/bacalhau-project/andaime/pkg/logger/logger.go:65.2,65.20 1 0
github.com/bacalhau-project/andaime/pkg/logger/logger.go:69.34,71.38 2 0
github.com/bacalhau-project/andaime/pkg/logger/logger.go:72.15,73.28 1 0
github.com/bacalhau-project/andaime/pkg/logger/logger.go:74.14,75.27 1 0
github.com/bacalhau-project/andaime/pkg/logger/logger.go:76.14,77.27 1 0
github.com/bacalhau-project/andaime/pkg/logger/logger.go:78.15,79.28 1 0
github.com/bacalhau-project/andaime/pkg/logger/logger.go:80.10,81.27 1 0
github.com/bacalhau-project/andaime/pkg/logger/logger.go:84.23,85.17 1 0
github.com/bacalhau-project/andaime/pkg/logger/logger.go:85.17,115.37 6 0
github.com/bacalhau-project/andaime/pkg/logger/logger.go:115.37,122.18 4 0
github.com/bacalhau-project/andaime/pkg/logger/logger.go:122.18,124.5 1 0
github.com/bacalhau-project/andaime/pkg/logger/logger.go:124.10,131.5 2 0
github.com/bacalhau-project/andaime/pkg/logger/logger.go:135.3,139.24 3 0
github.com/bacalhau-project/andaime/pkg/logger/logger.go:147.61,149.37 1 0
github.com/bacalhau-project/andaime/pkg/logger/logger.go:149.37,151.3 1 0
github.com/bacalhau-project/andaime/pkg/logger/logger.go:151.8,153.3 1 0
github.com/bacalhau-project/andaime/pkg/logger/logger.go:154.2,154.20 1 0
github.com/bacalhau-project/andaime/pkg/logger/logger.go:158.36,159.17 1 0
github.com/bacalhau-project/andaime/pkg/logger/logger.go:159.17,165.54 2 0
github.com/bacalhau-project/andaime/pkg/logger/logger.go:165.54,167.5 1 0
github.com/bacalhau-project/andaime/pkg/logger/logger.go:170.3,170.31 1 0
github.com/bacalhau-project/andaime/pkg/logger/logger.go:175.20,176.25 1 0
github.com/bacalhau-project/andaime/pkg/logger/logger.go:176.25,178.3 1 0
github.com/bacalhau-project/andaime/pkg/logger/logger.go:179.2,181.15 3 0
github.com/bacalhau-project/andaime/pkg/logger/logger.go:185.52,187.2 1 0
github.com/bacalhau-project/andaime/pkg/logger/logger.go:190.57,192.2 1 0
github.com/bacalhau-project/andaime/pkg/logger/logger.go:195.56,197.2 1 0
github.com/bacalhau-project/andaime/pkg/logger/logger.go:200.56,202.2 1 0
github.com/bacalhau-project/andaime/pkg/logger/logger.go:205.57,207.2 1 0
github.com/bacalhau-project/andaime/pkg/logger/logger.go:210.57,212.2 1 0
github.com/bacalhau-project/andaime/pkg/logger/logger.go:215.31,217.2 1 0
github.com/bacalhau-project/andaime/pkg/logger/logger.go:220.61,223.2 2 0
github.com/bacalhau-project/andaime/pkg/logger/logger.go:226.60,229.2 2 0
github.com/bacalhau-project/andaime/pkg/logger/logger.go:232.60,235.2 2 0
github.com/bacalhau-project/andaime/pkg/logger/logger.go:238.61,241.2 2 0
github.com/bacalhau-project/andaime/pkg/logger/logger.go:244.61,247.2 2 0
github.com/bacalhau-project/andaime/pkg/logger/logger.go:250.29,252.2 1 0
github.com/bacalhau-project/andaime/pkg/logger/logger.go:255.36,256.25 1 0
github.com/bacalhau-project/andaime/pkg/logger/logger.go:256.25,258.3 1 0
github.com/bacalhau-project/andaime/pkg/logger/logger.go:259.2,259.67 1 0
github.com/bacalhau-project/andaime/pkg/logger/logger.go:263.37,264.42 1 0
github.com/bacalhau-project/andaime/pkg/logger/logger.go:264.42,267.3 2 0
github.com/bacalhau-project/andaime/pkg/logger/logger.go:267.8,269.3 1 0
github.com/bacalhau-project/andaime/pkg/logger/logger.go:270.2,270.18 1 0
github.com/bacalhau-project/andaime/pkg/logger/logger.go:277.61,279.2 1 0
github.com/bacalhau-project/andaime/pkg/logger/logger.go:282.41,284.25 2 0
github.com/bacalhau-project/andaime/pkg/logger/logger.go:284.25,286.3 1 0
github.com/bacalhau-project/andaime/pkg/logger/logger.go:290.50,292.16 2 0
github.com/bacalhau-project/andaime/pkg/logger/logger.go:292.16,294.3 1 0
github.com/bacalhau-project/andaime/pkg/logger/logger.go:294.8,296.3 1 0
github.com/bacalhau-project/andaime/pkg/logger/logger.go:299.29,300.25 1 0
github.com/bacalhau-project/andaime/pkg/logger/logger.go:300.25,302.3 1 0
github.com/bacalhau-project/andaime/pkg/logger/logger.go:303.2,303.25 1 0
github.com/bacalhau-project/andaime/pkg/logger/logger.go:306.36,307.25 1 0
github.com/bacalhau-project/andaime/pkg/logger/logger.go:307.25,309.3 1 0
github.com/bacalhau-project/andaime/pkg/logger/logger.go:310.2,310.24 1 0
github.com/bacalhau-project/andaime/utils/strings.go:16.34,18.2 1 0
github.com/bacalhau-project/andaime/utils/strings.go:20.45,22.16 2 0
github.com/bacalhau-project/andaime/utils/strings.go:22.16,25.3 1 0
github.com/bacalhau-project/andaime/utils/strings.go:26.2,26.18 1 0
github.com/bacalhau-project/andaime/utils/strings.go:29.32,32.19 3 1
github.com/bacalhau-project/andaime/utils/strings.go:32.19,34.17 2 1
github.com/bacalhau-project/andaime/utils/strings.go:34.17,36.4 1 0
github.com/bacalhau-project/andaime/utils/strings.go:37.3,37.37 1 1
github.com/bacalhau-project/andaime/utils/strings.go:39.2,39.18 1 1
github.com/bacalhau-project/andaime/utils/strings.go:43.34,47.14 2 0
github.com/bacalhau-project/andaime/utils/strings.go:47.14,49.3 1 0
github.com/bacalhau-project/andaime/utils/strings.go:49.8,52.3 2 0
github.com/bacalhau-project/andaime/utils/strings.go:55.46,56.35 1 0
github.com/bacalhau-project/andaime/utils/strings.go:56.35,58.17 2 0
github.com/bacalhau-project/andaime/utils/strings.go:58.17,60.4 1 0
github.com/bacalhau-project/andaime/utils/strings.go:61.3,61.46 1 0
github.com/bacalhau-project/andaime/utils/strings.go:63.2,63.18 1 0
github.com/bacalhau-project/andaime/utils/strings.go:67.60,70.29 2 0
github.com/bacalhau-project/andaime/utils/strings.go:70.29,72.3 1 0
github.com/bacalhau-project/andaime/utils/strings.go:73.2,74.28 2 0
github.com/bacalhau-project/andaime/utils/strings.go:74.28,76.3 1 0
github.com/bacalhau-project/andaime/utils/strings.go:79.2,82.22 2 0
github.com/bacalhau-project/andaime/utils/strings.go:82.22,84.3 1 0
github.com/bacalhau-project/andaime/utils/strings.go:86.2,86.15 1 0
github.com/bacalhau-project/andaime/pkg/logger/logger.go:35.46,38.15 3 0
github.com/bacalhau-project/andaime/pkg/logger/logger.go:39.25,40.25 1 0
github.com/bacalhau-project/andaime/pkg/logger/logger.go:41.25,42.26 1 0
github.com/bacalhau-project/andaime/pkg/logger/logger.go:43.26,44.24 1 0
github.com/bacalhau-project/andaime/pkg/logger/logger.go:45.10,46.25 1 0
github.com/bacalhau-project/andaime/pkg/logger/logger.go:48.2,48.68 1 0
github.com/bacalhau-project/andaime/pkg/logger/logger.go:61.59,62.31 1 0
github.com/bacalhau-project/andaime/pkg/logger/logger.go:62.31,64.3 1 0
github.com/bacalhau-project/andaime/pkg/logger/logger.go:65.2,65.20 1 0
github.com/bacalhau-project/andaime/pkg/logger/logger.go:69.34,71.38 2 0
github.com/bacalhau-project/andaime/pkg/logger/logger.go:72.15,73.28 1 0
github.com/bacalhau-project/andaime/pkg/logger/logger.go:74.14,75.27 1 0
github.com/bacalhau-project/andaime/pkg/logger/logger.go:76.14,77.27 1 0
github.com/bacalhau-project/andaime/pkg/logger/logger.go:78.15,79.28 1 0
github.com/bacalhau-project/andaime/pkg/logger/logger.go:80.10,81.27 1 0
github.com/bacalhau-project/andaime/pkg/logger/logger.go:84.23,85.17 1 0
github.com/bacalhau-project/andaime/pkg/logger/logger.go:85.17,115.37 6 0
github.com/bacalhau-project/andaime/pkg/logger/logger.go:115.37,122.18 4 0
github.com/bacalhau-project/andaime/pkg/logger/logger.go:122.18,124.5 1 0
github.com/bacalhau-project/andaime/pkg/logger/logger.go:124.10,131.5 2 0
github.com/bacalhau-project/andaime/pkg/logger/logger.go:135.3,139.24 3 0
github.com/bacalhau-project/andaime/pkg/logger/logger.go:147.61,149.37 1 0
github.com/bacalhau-project/andaime/pkg/logger/logger.go:149.37,151.3 1 0
github.com/bacalhau-project/andaime/pkg/logger/logger.go:151.8,153.3 1 0
github.com/bacalhau-project/andaime/pkg/logger/logger.go:154.2,154.20 1 0
github.com/bacalhau-project/andaime/pkg/logger/logger.go:158.36,159.17 1 0
github.com/bacalhau-project/andaime/pkg/logger/logger.go:159.17,165.54 2 0
github.com/bacalhau-project/andaime/pkg/logger/logger.go:165.54,167.5 1 0
github.com/bacalhau-project/andaime/pkg/logger/logger.go:170.3,170.31 1 0
github.com/bacalhau-project/andaime/pkg/logger/logger.go:175.20,176.25 1 0
github.com/bacalhau-project/andaime/pkg/logger/logger.go:176.25,178.3 1 0
github.com/bacalhau-project/andaime/pkg/logger/logger.go:179.2,181.15 3 0
github.com/bacalhau-project/andaime/pkg/logger/logger.go:185.52,187.2 1 0
github.com/bacalhau-project/andaime/pkg/logger/logger.go:190.57,192.2 1 0
github.com/bacalhau-project/andaime/pkg/logger/logger.go:195.56,197.2 1 0
github.com/bacalhau-project/andaime/pkg/logger/logger.go:200.56,202.2 1 0
github.com/bacalhau-project/andaime/pkg/logger/logger.go:205.57,207.2 1 0
github.com/bacalhau-project/andaime/pkg/logger/logger.go:210.57,212.2 1 0
github.com/bacalhau-project/andaime/pkg/logger/logger.go:215.31,217.2 1 0
github.com/bacalhau-project/andaime/pkg/logger/logger.go:220.61,223.2 2 0
github.com/bacalhau-project/andaime/pkg/logger/logger.go:226.60,229.2 2 0
github.com/bacalhau-project/andaime/pkg/logger/logger.go:232.60,235.2 2 0
github.com/bacalhau-project/andaime/pkg/logger/logger.go:238.61,241.2 2 0
github.com/bacalhau-project/andaime/pkg/logger/logger.go:244.61,247.2 2 0
github.com/bacalhau-project/andaime/pkg/logger/logger.go:250.29,252.2 1 0
github.com/bacalhau-project/andaime/pkg/logger/logger.go:255.36,256.25 1 0
github.com/bacalhau-project/andaime/pkg/logger/logger.go:256.25,258.3 1 0
github.com/bacalhau-project/andaime/pkg/logger/logger.go:259.2,259.67 1 0
github.com/bacalhau-project/andaime/pkg/logger/logger.go:263.37,264.42 1 0
github.com/bacalhau-project/andaime/pkg/logger/logger.go:264.42,267.3 2 0
github.com/bacalhau-project/andaime/pkg/logger/logger.go:267.8,269.3 1 0
github.com/bacalhau-project/andaime/pkg/logger/logger.go:270.2,270.18 1 0
github.com/bacalhau-project/andaime/pkg/logger/logger.go:277.61,279.2 1 0
github.com/bacalhau-project/andaime/pkg/logger/logger.go:282.41,284.25 2 0
github.com/bacalhau-project/andaime/pkg/logger/logger.go:284.25,286.3 1 0
github.com/bacalhau-project/andaime/pkg/logger/logger.go:290.50,292.16 2 0
github.com/bacalhau-project/andaime/pkg/logger/logger.go:292.16,294.3 1 0
github.com/bacalhau-project/andaime/pkg/logger/logger.go:294.8,296.3 1 0
github.com/bacalhau-project/andaime/pkg/logger/logger.go:299.29,300.25 1 0
github.com/bacalhau-project/andaime/pkg/logger/logger.go:300.25,302.3 1 0
github.com/bacalhau-project/andaime/pkg/logger/logger.go:303.2,303.25 1 0
github.com/bacalhau-project/andaime/pkg/logger/logger.go:306.36,307.25 1 0
github.com/bacalhau-project/andaime/pkg/logger/logger.go:307.25,309.3 1 0
github.com/bacalhau-project/andaime/pkg/logger/logger.go:310.2,310.24 1 0
github.com/bacalhau-project/andaime/pkg/providers/aws/deploy_spot.go:17.40,19.2 1 0
github.com/bacalhau-project/andaime/pkg/providers/aws/deploy_spot.go:22.42,24.54 2 0
github.com/bacalhau-project/andaime/pkg/providers/aws/deploy_spot.go:24.54,27.3 2 0
github.com/bacalhau-project/andaime/pkg/providers/aws/deploy_spot.go:28.2,28.15 1 0
github.com/bacalhau-project/andaime/pkg/providers/aws/ec2.go:11.61,13.16 2 1
github.com/bacalhau-project/andaime/pkg/providers/aws/ec2.go:13.16,15.3 1 0
github.com/bacalhau-project/andaime/pkg/providers/aws/ec2.go:16.2,16.36 1 1
github.com/bacalhau-project/andaime/pkg/providers/aws/provider.go:31.63,34.16 3 1
github.com/bacalhau-project/andaime/pkg/providers/aws/provider.go:34.16,36.3 1 0
github.com/bacalhau-project/andaime/pkg/providers/aws/provider.go:37.2,38.16 2 1
github.com/bacalhau-project/andaime/pkg/providers/aws/provider.go:38.16,40.3 1 0
github.com/bacalhau-project/andaime/pkg/providers/aws/provider.go:42.2,45.8 1 1
github.com/bacalhau-project/andaime/pkg/providers/aws/provider.go:53.57,55.2 1 0
github.com/bacalhau-project/andaime/pkg/providers/aws/provider.go:57.55,61.2 1 0
github.com/bacalhau-project/andaime/pkg/providers/aws/provider.go:64.47,66.2 1 0
github.com/bacalhau-project/andaime/pkg/providers/aws/provider.go:69.53,71.2 1 0
github.com/bacalhau-project/andaime/pkg/providers/aws/provider.go:74.59,76.2 1 0
github.com/bacalhau-project/andaime/pkg/providers/aws/provider.go:79.56,81.2 1 1
github.com/bacalhau-project/andaime/pkg/providers/aws/provider.go:84.67,86.18 2 0
github.com/bacalhau-project/andaime/pkg/providers/aws/provider.go:86.18,88.3 1 0
github.com/bacalhau-project/andaime/pkg/providers/aws/provider.go:90.2,91.16 2 0
github.com/bacalhau-project/andaime/pkg/providers/aws/provider.go:91.16,93.3 1 0
github.com/bacalhau-project/andaime/pkg/providers/aws/provider.go:95.2,96.12 2 0
github.com/bacalhau-project/andaime/pkg/providers/aws/provider.go:99.87,100.26 1 0
github.com/bacalhau-project/andaime/pkg/providers/aws/provider.go:103.89,104.26 1 0
github.com/bacalhau-project/andaime/pkg/providers/aws/provider.go:108.102,113.11 4 1
github.com/bacalhau-project/andaime/pkg/providers/aws/provider.go:113.11,115.3 1 1
github.com/bacalhau-project/andaime/pkg/providers/aws/provider.go:117.2,147.16 3 1
github.com/bacalhau-project/andaime/pkg/providers/aws/provider.go:147.16,149.3 1 0
github.com/bacalhau-project/andaime/pkg/providers/aws/provider.go:151.2,151.29 1 1
github.com/bacalhau-project/andaime/pkg/providers/aws/provider.go:151.29,153.3 1 0
github.com/bacalhau-project/andaime/pkg/providers/aws/provider.go:155.2,158.38 3 1
github.com/bacalhau-project/andaime/pkg/providers/aws/provider.go:158.38,160.17 2 1
github.com/bacalhau-project/andaime/pkg/providers/aws/provider.go:160.17,161.12 1 0
github.com/bacalhau-project/andaime/pkg/providers/aws/provider.go:164.3,164.59 1 1
github.com/bacalhau-project/andaime/pkg/providers/aws/provider.go:164.59,167.4 2 1
github.com/bacalhau-project/andaime/pkg/providers/aws/provider.go:170.2,170.24 1 1
github.com/bacalhau-project/andaime/pkg/providers/aws/provider.go:170.24,172.3 1 0
github.com/bacalhau-project/andaime/pkg/providers/aws/provider.go:174.2,178.25 4 1
github.com/bacalhau-project/andaime/pkg/providers/aws/spot_instances.go:31.21,33.16 2 0
github.com/bacalhau-project/andaime/pkg/providers/aws/spot_instances.go:33.16,35.3 1 0
github.com/bacalhau-project/andaime/pkg/providers/aws/spot_instances.go:37.2,40.77 2 0
github.com/bacalhau-project/andaime/pkg/providers/aws/spot_instances.go:40.77,42.3 1 0
github.com/bacalhau-project/andaime/pkg/providers/aws/spot_instances.go:45.2,46.16 2 0
github.com/bacalhau-project/andaime/pkg/providers/aws/spot_instances.go:46.16,48.3 1 0
github.com/bacalhau-project/andaime/pkg/providers/aws/spot_instances.go:51.2,52.16 2 0
github.com/bacalhau-project/andaime/pkg/providers/aws/spot_instances.go:52.16,54.3 1 0
github.com/bacalhau-project/andaime/pkg/providers/aws/spot_instances.go:57.2,57.58 1 0
github.com/bacalhau-project/andaime/pkg/providers/aws/spot_instances.go:61.76,63.16 2 0
github.com/bacalhau-project/andaime/pkg/providers/aws/spot_instances.go:63.16,65.3 1 0
github.com/bacalhau-project/andaime/pkg/providers/aws/spot_instances.go:66.2,66.17 1 0
github.com/bacalhau-project/andaime/pkg/providers/aws/spot_instances.go:70.93,76.16 2 0
github.com/bacalhau-project/andaime/pkg/providers/aws/spot_instances.go:76.16,80.3 2 0
github.com/bacalhau-project/andaime/pkg/providers/aws/spot_instances.go:83.2,83.56 1 0
github.com/bacalhau-project/andaime/pkg/providers/aws/spot_instances.go:87.111,98.16 2 0
github.com/bacalhau-project/andaime/pkg/providers/aws/spot_instances.go:98.16,100.3 1 0
github.com/bacalhau-project/andaime/pkg/providers/aws/spot_instances.go:102.2,102.38 1 0
github.com/bacalhau-project/andaime/pkg/providers/aws/spot_instances.go:102.38,107.3 3 0
github.com/bacalhau-project/andaime/pkg/providers/aws/spot_instances.go:110.2,114.16 2 0
github.com/bacalhau-project/andaime/pkg/providers/aws/spot_instances.go:114.16,116.3 1 0
github.com/bacalhau-project/andaime/pkg/providers/aws/spot_instances.go:118.2,131.16 3 0
github.com/bacalhau-project/andaime/pkg/providers/aws/spot_instances.go:131.16,133.3 1 0
github.com/bacalhau-project/andaime/pkg/providers/aws/spot_instances.go:136.2,141.16 2 0
github.com/bacalhau-project/andaime/pkg/providers/aws/spot_instances.go:141.16,143.3 1 0
github.com/bacalhau-project/andaime/pkg/providers/aws/spot_instances.go:146.2,151.16 2 0
github.com/bacalhau-project/andaime/pkg/providers/aws/spot_instances.go:151.16,153.3 1 0
github.com/bacalhau-project/andaime/pkg/providers/aws/spot_instances.go:155.2,156.19 2 0
github.com/bacalhau-project/andaime/pkg/providers/aws/spot_instances.go:159.99,162.16 2 0
github.com/bacalhau-project/andaime/pkg/providers/aws/spot_instances.go:162.16,164.3 1 0
github.com/bacalhau-project/andaime/pkg/providers/aws/spot_instances.go:166.2,173.16 3 0
github.com/bacalhau-project/andaime/pkg/providers/aws/spot_instances.go:173.16,175.3 1 0
github.com/bacalhau-project/andaime/pkg/providers/aws/spot_instances.go:177.2,178.19 2 0
github.com/bacalhau-project/andaime/pkg/providers/aws/types.go:46.91,49.16 3 0
github.com/bacalhau-project/andaime/pkg/providers/aws/types.go:49.16,51.3 1 0
github.com/bacalhau-project/andaime/pkg/providers/aws/types.go:52.2,53.16 2 0
github.com/bacalhau-project/andaime/pkg/providers/aws/types.go:53.16,56.3 2 0
github.com/bacalhau-project/andaime/pkg/providers/aws/types.go:57.2,58.25 2 0
github.com/bacalhau-project/andaime/pkg/providers/aws/types.go:61.92,67.2 5 0
github.com/bacalhau-project/andaime/pkg/providers/aws/types.go:76.51,78.2 1 0
github.com/bacalhau-project/andaime/pkg/providers/aws/types.go:80.57,82.2 1 0
github.com/bacalhau-project/andaime/pkg/providers/aws/types.go:85.63,87.2 1 0
github.com/bacalhau-project/andaime/pkg/providers/aws/types.go:90.60,92.2 1 0
github.com/bacalhau-project/andaime/pkg/providers/aws/types.go:94.106,96.2 1 0
github.com/bacalhau-project/andaime/pkg/providers/aws/types.go:102.159,105.2 2 1
github.com/bacalhau-project/andaime/pkg/providers/aws/types.go:107.104,110.2 2 0
github.com/bacalhau-project/andaime/pkg/providers/aws/types.go:112.144,115.2 2 0
github.com/bacalhau-project/andaime/pkg/providers/aws/types.go:117.153,120.2 2 0
github.com/bacalhau-project/andaime/pkg/providers/aws/types.go:122.174,125.2 2 0
github.com/bacalhau-project/andaime/pkg/providers/aws/types.go:127.204,130.2 2 0
github.com/bacalhau-project/andaime/pkg/providers/aws/types.go:132.153,135.2 2 0
github.com/bacalhau-project/andaime/pkg/providers/aws/types.go:137.168,140.2 2 0
github.com/bacalhau-project/andaime/pkg/providers/aws/types.go:142.153,145.2 2 0
github.com/bacalhau-project/andaime/pkg/providers/aws/types.go:147.162,150.2 2 0
github.com/bacalhau-project/andaime/pkg/providers/aws/types.go:152.183,155.2 2 0
github.com/bacalhau-project/andaime/pkg/providers/aws/types.go:157.171,160.2 2 0
github.com/bacalhau-project/andaime/pkg/providers/aws/types.go:162.174,165.2 2 0
github.com/bacalhau-project/andaime/pkg/providers/aws/types.go:167.153,170.2 2 0
github.com/bacalhau-project/andaime/pkg/providers/aws/types.go:172.144,175.2 2 0
github.com/bacalhau-project/andaime/pkg/providers/aws/utils.go:12.79,20.16 3 0
github.com/bacalhau-project/andaime/pkg/providers/aws/utils.go:20.16,22.3 1 0
github.com/bacalhau-project/andaime/pkg/providers/aws/utils.go:25.2,26.40 2 0
github.com/bacalhau-project/andaime/pkg/providers/aws/utils.go:26.40,28.3 1 0
github.com/bacalhau-project/andaime/pkg/providers/aws/utils.go:30.2,30.21 1 0
github.com/bacalhau-project/andaime/internal/clouds/azure/embed.go:14.42,16.16 2 0
github.com/bacalhau-project/andaime/internal/clouds/azure/embed.go:16.16,18.3 1 0
github.com/bacalhau-project/andaime/internal/clouds/azure/embed.go:20.2,22.24 2 0
github.com/bacalhau-project/andaime/internal/clouds/azure/embed.go:25.39,27.16 2 0
github.com/bacalhau-project/andaime/internal/clouds/azure/embed.go:27.16,29.3 1 0
github.com/bacalhau-project/andaime/internal/clouds/azure/embed.go:31.2,33.24 2 0
github.com/bacalhau-project/andaime/internal/clouds/azure/embed.go:36.44,39.16 2 0
github.com/bacalhau-project/andaime/internal/clouds/azure/embed.go:39.16,41.3 1 0
github.com/bacalhau-project/andaime/internal/clouds/azure/embed.go:42.2,42.20 1 0
github.com/bacalhau-project/andaime/internal/clouds/azure/embed.go:42.20,44.3 1 0
github.com/bacalhau-project/andaime/internal/clouds/azure/embed.go:46.2,46.47 1 0
github.com/bacalhau-project/andaime/internal/clouds/azure/embed.go:46.47,47.32 1 0
github.com/bacalhau-project/andaime/internal/clouds/azure/embed.go:47.32,49.4 1 0
github.com/bacalhau-project/andaime/internal/clouds/azure/embed.go:51.2,51.14 1 0
github.com/bacalhau-project/andaime/internal/clouds/azure/embed.go:54.50,57.16 2 0
github.com/bacalhau-project/andaime/internal/clouds/azure/embed.go:57.16,59.3 1 0
github.com/bacalhau-project/andaime/internal/clouds/azure/embed.go:60.2,60.23 1 0
github.com/bacalhau-project/andaime/internal/clouds/azure/embed.go:60.23,62.3 1 0
github.com/bacalhau-project/andaime/internal/clouds/azure/embed.go:63.2,63.39 1 0
github.com/bacalhau-project/andaime/internal/clouds/azure/embed.go:63.39,64.31 1 0
github.com/bacalhau-project/andaime/internal/clouds/azure/embed.go:64.31,66.4 1 0
github.com/bacalhau-project/andaime/internal/clouds/azure/embed.go:68.2,68.14 1 0
github.com/bacalhau-project/andaime/internal/testutil/testutil.go:10.50,13.16 3 0
github.com/bacalhau-project/andaime/internal/testutil/testutil.go:13.16,15.3 1 0
github.com/bacalhau-project/andaime/internal/testutil/testutil.go:16.2,20.16 5 0
github.com/bacalhau-project/andaime/internal/testutil/testutil.go:20.16,22.3 1 0
github.com/bacalhau-project/andaime/internal/testutil/testutil.go:23.2,23.30 1 0
github.com/bacalhau-project/andaime/internal/testutil/testutil.go:27.99,29.16 2 0
github.com/bacalhau-project/andaime/internal/testutil/testutil.go:29.16,31.3 1 0
github.com/bacalhau-project/andaime/internal/testutil/testutil.go:33.2,33.39 1 0
github.com/bacalhau-project/andaime/internal/testutil/testutil.go:36.68,38.16 2 1
github.com/bacalhau-project/andaime/internal/testutil/testutil.go:38.16,40.3 1 0
github.com/bacalhau-project/andaime/internal/testutil/testutil.go:42.2,42.57 1 1
github.com/bacalhau-project/andaime/internal/testutil/testutil.go:42.57,46.3 3 0
github.com/bacalhau-project/andaime/internal/testutil/testutil.go:48.2,50.20 2 1
github.com/bacalhau-project/andaime/internal/testutil/testutil.go:50.20,52.3 1 1
github.com/bacalhau-project/andaime/internal/testutil/testutil.go:54.2,54.38 1 1
github.com/bacalhau-project/andaime/internal/testutil/testutil.go:57.77,59.16 2 1
github.com/bacalhau-project/andaime/internal/testutil/testutil.go:59.16,60.13 1 0
github.com/bacalhau-project/andaime/internal/testutil/testutil.go:62.2,63.16 2 1
github.com/bacalhau-project/andaime/internal/testutil/testutil.go:63.16,64.13 1 0
github.com/bacalhau-project/andaime/internal/testutil/testutil.go:67.2,67.89 1 1
github.com/bacalhau-project/andaime/pkg/logger/logger.go:35.46,38.15 3 0
github.com/bacalhau-project/andaime/pkg/logger/logger.go:39.25,40.25 1 0
github.com/bacalhau-project/andaime/pkg/logger/logger.go:41.25,42.26 1 0
github.com/bacalhau-project/andaime/pkg/logger/logger.go:43.26,44.24 1 0
github.com/bacalhau-project/andaime/pkg/logger/logger.go:45.10,46.25 1 0
github.com/bacalhau-project/andaime/pkg/logger/logger.go:48.2,48.68 1 0
github.com/bacalhau-project/andaime/pkg/logger/logger.go:61.59,62.31 1 0
github.com/bacalhau-project/andaime/pkg/logger/logger.go:62.31,64.3 1 0
github.com/bacalhau-project/andaime/pkg/logger/logger.go:65.2,65.20 1 0
github.com/bacalhau-project/andaime/pkg/logger/logger.go:69.34,71.38 2 1
github.com/bacalhau-project/andaime/pkg/logger/logger.go:72.15,73.28 1 0
github.com/bacalhau-project/andaime/pkg/logger/logger.go:74.14,75.27 1 0
github.com/bacalhau-project/andaime/pkg/logger/logger.go:76.14,77.27 1 0
github.com/bacalhau-project/andaime/pkg/logger/logger.go:78.15,79.28 1 0
github.com/bacalhau-project/andaime/pkg/logger/logger.go:80.10,81.27 1 1
github.com/bacalhau-project/andaime/pkg/logger/logger.go:84.23,85.17 1 1
github.com/bacalhau-project/andaime/pkg/logger/logger.go:85.17,115.37 6 1
github.com/bacalhau-project/andaime/pkg/logger/logger.go:115.37,122.18 4 0
github.com/bacalhau-project/andaime/pkg/logger/logger.go:122.18,124.5 1 0
github.com/bacalhau-project/andaime/pkg/logger/logger.go:124.10,131.5 2 0
github.com/bacalhau-project/andaime/pkg/logger/logger.go:135.3,139.24 3 1
github.com/bacalhau-project/andaime/pkg/logger/logger.go:147.61,149.37 1 0
github.com/bacalhau-project/andaime/pkg/logger/logger.go:149.37,151.3 1 0
github.com/bacalhau-project/andaime/pkg/logger/logger.go:151.8,153.3 1 0
github.com/bacalhau-project/andaime/pkg/logger/logger.go:154.2,154.20 1 0
github.com/bacalhau-project/andaime/pkg/logger/logger.go:158.36,159.17 1 0
github.com/bacalhau-project/andaime/pkg/logger/logger.go:159.17,165.54 2 0
github.com/bacalhau-project/andaime/pkg/logger/logger.go:165.54,167.5 1 0
github.com/bacalhau-project/andaime/pkg/logger/logger.go:170.3,170.31 1 0
github.com/bacalhau-project/andaime/pkg/logger/logger.go:175.20,176.25 1 1
github.com/bacalhau-project/andaime/pkg/logger/logger.go:176.25,178.3 1 1
github.com/bacalhau-project/andaime/pkg/logger/logger.go:179.2,181.15 3 1
github.com/bacalhau-project/andaime/pkg/logger/logger.go:185.52,187.2 1 0
github.com/bacalhau-project/andaime/pkg/logger/logger.go:190.57,192.2 1 1
github.com/bacalhau-project/andaime/pkg/logger/logger.go:195.56,197.2 1 0
github.com/bacalhau-project/andaime/pkg/logger/logger.go:200.56,202.2 1 0
github.com/bacalhau-project/andaime/pkg/logger/logger.go:205.57,207.2 1 1
github.com/bacalhau-project/andaime/pkg/logger/logger.go:210.57,212.2 1 0
github.com/bacalhau-project/andaime/pkg/logger/logger.go:215.31,217.2 1 0
github.com/bacalhau-project/andaime/pkg/logger/logger.go:220.61,223.2 2 1
github.com/bacalhau-project/andaime/pkg/logger/logger.go:226.60,229.2 2 0
github.com/bacalhau-project/andaime/pkg/logger/logger.go:232.60,235.2 2 0
github.com/bacalhau-project/andaime/pkg/logger/logger.go:238.61,241.2 2 0
github.com/bacalhau-project/andaime/pkg/logger/logger.go:244.61,247.2 2 0
github.com/bacalhau-project/andaime/pkg/logger/logger.go:250.29,252.2 1 0
github.com/bacalhau-project/andaime/pkg/logger/logger.go:255.36,256.25 1 0
github.com/bacalhau-project/andaime/pkg/logger/logger.go:256.25,258.3 1 0
github.com/bacalhau-project/andaime/pkg/logger/logger.go:259.2,259.67 1 0
github.com/bacalhau-project/andaime/pkg/logger/logger.go:263.37,264.42 1 0
github.com/bacalhau-project/andaime/pkg/logger/logger.go:264.42,267.3 2 0
github.com/bacalhau-project/andaime/pkg/logger/logger.go:267.8,269.3 1 0
github.com/bacalhau-project/andaime/pkg/logger/logger.go:270.2,270.18 1 0
github.com/bacalhau-project/andaime/pkg/logger/logger.go:277.61,279.2 1 0
github.com/bacalhau-project/andaime/pkg/logger/logger.go:282.41,284.25 2 0
github.com/bacalhau-project/andaime/pkg/logger/logger.go:284.25,286.3 1 0
github.com/bacalhau-project/andaime/pkg/logger/logger.go:290.50,292.16 2 0
github.com/bacalhau-project/andaime/pkg/logger/logger.go:292.16,294.3 1 0
github.com/bacalhau-project/andaime/pkg/logger/logger.go:294.8,296.3 1 0
github.com/bacalhau-project/andaime/pkg/logger/logger.go:299.29,300.25 1 0
github.com/bacalhau-project/andaime/pkg/logger/logger.go:300.25,302.3 1 0
github.com/bacalhau-project/andaime/pkg/logger/logger.go:303.2,303.25 1 0
github.com/bacalhau-project/andaime/pkg/logger/logger.go:306.36,307.25 1 0
github.com/bacalhau-project/andaime/pkg/logger/logger.go:307.25,309.3 1 0
github.com/bacalhau-project/andaime/pkg/logger/logger.go:310.2,310.24 1 0
github.com/bacalhau-project/andaime/pkg/providers/azure/azure_client.go:54.65,57.16 2 0
github.com/bacalhau-project/andaime/pkg/providers/azure/azure_client.go:57.16,59.3 1 0
github.com/bacalhau-project/andaime/pkg/providers/azure/azure_client.go:61.2,62.16 2 0
github.com/bacalhau-project/andaime/pkg/providers/azure/azure_client.go:62.16,64.3 1 0
github.com/bacalhau-project/andaime/pkg/providers/azure/azure_client.go:65.2,66.16 2 0
github.com/bacalhau-project/andaime/pkg/providers/azure/azure_client.go:66.16,68.3 1 0
github.com/bacalhau-project/andaime/pkg/providers/azure/azure_client.go:69.2,70.16 2 0
github.com/bacalhau-project/andaime/pkg/providers/azure/azure_client.go:70.16,72.3 1 0
github.com/bacalhau-project/andaime/pkg/providers/azure/azure_client.go:73.2,74.16 2 0
github.com/bacalhau-project/andaime/pkg/providers/azure/azure_client.go:74.16,76.3 1 0
github.com/bacalhau-project/andaime/pkg/providers/azure/azure_client.go:77.2,78.16 2 0
github.com/bacalhau-project/andaime/pkg/providers/azure/azure_client.go:78.16,80.3 1 0
github.com/bacalhau-project/andaime/pkg/providers/azure/azure_client.go:81.2,82.16 2 0
github.com/bacalhau-project/andaime/pkg/providers/azure/azure_client.go:82.16,84.3 1 0
github.com/bacalhau-project/andaime/pkg/providers/azure/azure_client.go:85.2,86.16 2 0
github.com/bacalhau-project/andaime/pkg/providers/azure/azure_client.go:86.16,88.3 1 0
github.com/bacalhau-project/andaime/pkg/providers/azure/azure_client.go:89.2,90.16 2 0
github.com/bacalhau-project/andaime/pkg/providers/azure/azure_client.go:90.16,92.3 1 0
github.com/bacalhau-project/andaime/pkg/providers/azure/azure_client.go:94.2,103.8 1 0
github.com/bacalhau-project/andaime/pkg/providers/azure/azure_client.go:109.62,139.36 12 0
github.com/bacalhau-project/andaime/pkg/providers/azure/azure_client.go:139.36,141.3 1 0
github.com/bacalhau-project/andaime/pkg/providers/azure/azure_client.go:143.2,144.16 2 0
github.com/bacalhau-project/andaime/pkg/providers/azure/azure_client.go:144.16,147.3 2 0
github.com/bacalhau-project/andaime/pkg/providers/azure/azure_client.go:149.2,151.16 3 0
github.com/bacalhau-project/andaime/pkg/providers/azure/azure_client.go:151.16,153.3 1 0
github.com/bacalhau-project/andaime/pkg/providers/azure/azure_client.go:155.2,155.33 1 0
github.com/bacalhau-project/andaime/pkg/providers/azure/azure_client.go:160.83,164.16 4 0
github.com/bacalhau-project/andaime/pkg/providers/azure/azure_client.go:164.16,166.3 1 0
github.com/bacalhau-project/andaime/pkg/providers/azure/azure_client.go:168.2,168.33 1 0
github.com/bacalhau-project/andaime/pkg/providers/azure/azure_client.go:175.63,180.16 4 0
github.com/bacalhau-project/andaime/pkg/providers/azure/azure_client.go:180.16,183.3 2 0
github.com/bacalhau-project/andaime/pkg/providers/azure/azure_client.go:185.2,187.16 3 0
github.com/bacalhau-project/andaime/pkg/providers/azure/azure_client.go:187.16,189.3 1 0
github.com/bacalhau-project/andaime/pkg/providers/azure/azure_client.go:191.2,191.34 1 0
github.com/bacalhau-project/andaime/pkg/providers/azure/azure_client.go:195.72,199.16 4 0
github.com/bacalhau-project/andaime/pkg/providers/azure/azure_client.go:199.16,201.3 1 0
github.com/bacalhau-project/andaime/pkg/providers/azure/azure_client.go:203.2,203.34 1 0
github.com/bacalhau-project/andaime/pkg/providers/azure/azure_client.go:209.62,212.16 3 0
github.com/bacalhau-project/andaime/pkg/providers/azure/azure_client.go:212.16,215.3 2 0
github.com/bacalhau-project/andaime/pkg/providers/azure/azure_client.go:217.2,219.16 3 0
github.com/bacalhau-project/andaime/pkg/providers/azure/azure_client.go:219.16,221.3 1 0
github.com/bacalhau-project/andaime/pkg/providers/azure/azure_client.go:223.2,223.33 1 0
github.com/bacalhau-project/andaime/pkg/providers/azure/azure_client.go:226.135,230.16 4 0
github.com/bacalhau-project/andaime/pkg/providers/azure/azure_client.go:230.16,232.3 1 0
github.com/bacalhau-project/andaime/pkg/providers/azure/azure_client.go:234.2,234.33 1 0
github.com/bacalhau-project/andaime/pkg/providers/azure/azure_client.go:240.57,244.16 4 0
github.com/bacalhau-project/andaime/pkg/providers/azure/azure_client.go:244.16,247.3 2 0
github.com/bacalhau-project/andaime/pkg/providers/azure/azure_client.go:249.2,251.16 3 0
github.com/bacalhau-project/andaime/pkg/providers/azure/azure_client.go:251.16,253.3 1 0
github.com/bacalhau-project/andaime/pkg/providers/azure/azure_client.go:255.2,255.28 1 0
github.com/bacalhau-project/andaime/pkg/providers/azure/azure_client.go:258.133,262.16 4 0
github.com/bacalhau-project/andaime/pkg/providers/azure/azure_client.go:262.16,264.3 1 0
github.com/bacalhau-project/andaime/pkg/providers/azure/azure_client.go:266.2,266.28 1 0
github.com/bacalhau-project/andaime/pkg/providers/azure/azure_client.go:272.61,276.16 4 0
github.com/bacalhau-project/andaime/pkg/providers/azure/azure_client.go:276.16,279.3 2 0
github.com/bacalhau-project/andaime/pkg/providers/azure/azure_client.go:281.2,283.16 3 0
github.com/bacalhau-project/andaime/pkg/providers/azure/azure_client.go:283.16,285.3 1 0
github.com/bacalhau-project/andaime/pkg/providers/azure/azure_client.go:287.2,287.32 1 0
github.com/bacalhau-project/andaime/pkg/providers/azure/azure_client.go:291.70,295.16 4 0
github.com/bacalhau-project/andaime/pkg/providers/azure/azure_client.go:295.16,297.3 1 0
github.com/bacalhau-project/andaime/pkg/providers/azure/azure_client.go:299.2,299.32 1 0
github.com/bacalhau-project/andaime/pkg/providers/azure/azure_client.go:305.77,308.25 3 0
github.com/bacalhau-project/andaime/pkg/providers/azure/azure_client.go:308.25,310.3 1 0
github.com/bacalhau-project/andaime/pkg/providers/azure/azure_client.go:311.2,311.31 1 0
github.com/bacalhau-project/andaime/pkg/providers/azure/azure_client.go:311.31,312.19 1 0
github.com/bacalhau-project/andaime/pkg/providers/azure/azure_client.go:312.19,314.4 1 0
github.com/bacalhau-project/andaime/pkg/providers/azure/azure_client.go:317.2,324.16 4 0
github.com/bacalhau-project/andaime/pkg/providers/azure/azure_client.go:324.16,326.3 1 0
github.com/bacalhau-project/andaime/pkg/providers/azure/azure_client.go:328.2,328.59 1 0
github.com/bacalhau-project/andaime/pkg/providers/azure/azure_client.go:328.59,331.3 2 0
github.com/bacalhau-project/andaime/pkg/providers/azure/azure_client.go:333.2,333.17 1 0
github.com/bacalhau-project/andaime/pkg/providers/azure/azure_client.go:337.123,339.2 1 0
github.com/bacalhau-project/andaime/pkg/providers/azure/deploy.go:39.53,50.2 1 0
github.com/bacalhau-project/andaime/pkg/providers/azure/deploy.go:53.48,58.2 4 0
github.com/bacalhau-project/andaime/pkg/providers/azure/deploy.go:62.68,71.16 5 0
github.com/bacalhau-project/andaime/pkg/providers/azure/deploy.go:71.16,73.3 1 0
github.com/bacalhau-project/andaime/pkg/providers/azure/deploy.go:74.2,75.16 2 0
github.com/bacalhau-project/andaime/pkg/providers/azure/deploy.go:75.16,77.3 1 0
github.com/bacalhau-project/andaime/pkg/providers/azure/deploy.go:79.2,79.25 1 0
github.com/bacalhau-project/andaime/pkg/providers/azure/deploy.go:79.25,82.3 1 0
github.com/bacalhau-project/andaime/pkg/providers/azure/deploy.go:85.2,90.16 4 0
github.com/bacalhau-project/andaime/pkg/providers/azure/deploy.go:90.16,92.3 1 0
github.com/bacalhau-project/andaime/pkg/providers/azure/deploy.go:94.2,96.16 3 0
github.com/bacalhau-project/andaime/pkg/providers/azure/deploy.go:96.16,98.3 1 0
github.com/bacalhau-project/andaime/pkg/providers/azure/deploy.go:100.2,101.50 2 0
github.com/bacalhau-project/andaime/pkg/providers/azure/deploy.go:101.50,103.3 1 0
github.com/bacalhau-project/andaime/pkg/providers/azure/deploy.go:105.2,106.54 2 0
github.com/bacalhau-project/andaime/pkg/providers/azure/deploy.go:106.54,108.3 1 0
github.com/bacalhau-project/andaime/pkg/providers/azure/deploy.go:111.2,112.16 2 0
github.com/bacalhau-project/andaime/pkg/providers/azure/deploy.go:112.16,114.3 1 0
github.com/bacalhau-project/andaime/pkg/providers/azure/deploy.go:116.2,125.55 2 0
github.com/bacalhau-project/andaime/pkg/providers/azure/deploy.go:125.55,127.3 1 0
github.com/bacalhau-project/andaime/pkg/providers/azure/deploy.go:130.2,133.35 4 0
github.com/bacalhau-project/andaime/pkg/providers/azure/deploy.go:133.35,136.88 3 0
github.com/bacalhau-project/andaime/pkg/providers/azure/deploy.go:136.88,137.31 1 0
github.com/bacalhau-project/andaime/pkg/providers/azure/deploy.go:137.31,139.5 1 0
github.com/bacalhau-project/andaime/pkg/providers/azure/deploy.go:140.4,140.39 1 0
github.com/bacalhau-project/andaime/pkg/providers/azure/deploy.go:141.9,143.4 1 0
github.com/bacalhau-project/andaime/pkg/providers/azure/deploy.go:146.2,151.37 3 0
github.com/bacalhau-project/andaime/pkg/providers/azure/deploy.go:151.37,153.17 2 0
github.com/bacalhau-project/andaime/pkg/providers/azure/deploy.go:153.17,155.4 1 0
github.com/bacalhau-project/andaime/pkg/providers/azure/deploy.go:156.3,157.29 2 0
github.com/bacalhau-project/andaime/pkg/providers/azure/deploy.go:157.29,159.4 1 0
github.com/bacalhau-project/andaime/pkg/providers/azure/deploy.go:160.3,162.17 3 0
github.com/bacalhau-project/andaime/pkg/providers/azure/deploy.go:162.17,164.4 1 0
github.com/bacalhau-project/andaime/pkg/providers/azure/deploy.go:167.2,167.29 1 0
github.com/bacalhau-project/andaime/pkg/providers/azure/deploy.go:167.29,169.17 2 0
github.com/bacalhau-project/andaime/pkg/providers/azure/deploy.go:169.17,171.4 1 0
github.com/bacalhau-project/andaime/pkg/providers/azure/deploy.go:172.3,174.17 3 0
github.com/bacalhau-project/andaime/pkg/providers/azure/deploy.go:174.17,176.4 1 0
github.com/bacalhau-project/andaime/pkg/providers/azure/deploy.go:180.2,180.35 1 0
github.com/bacalhau-project/andaime/pkg/providers/azure/deploy.go:180.35,182.17 2 0
github.com/bacalhau-project/andaime/pkg/providers/azure/deploy.go:182.17,184.4 1 0
github.com/bacalhau-project/andaime/pkg/providers/azure/deploy.go:185.3,187.17 3 0
github.com/bacalhau-project/andaime/pkg/providers/azure/deploy.go:187.17,189.4 1 0
github.com/bacalhau-project/andaime/pkg/providers/azure/deploy.go:192.2,192.55 1 0
github.com/bacalhau-project/andaime/pkg/providers/azure/deploy.go:192.55,194.3 1 0
github.com/bacalhau-project/andaime/pkg/providers/azure/deploy.go:195.2,195.12 1 0
github.com/bacalhau-project/andaime/pkg/providers/azure/deploy.go:204.24,208.35 3 0
github.com/bacalhau-project/andaime/pkg/providers/azure/deploy.go:208.35,214.42 5 0
github.com/bacalhau-project/andaime/pkg/providers/azure/deploy.go:214.42,216.47 1 0
github.com/bacalhau-project/andaime/pkg/providers/azure/deploy.go:216.47,218.5 1 0
github.com/bacalhau-project/andaime/pkg/providers/azure/deploy.go:218.10,220.5 1 0
github.com/bacalhau-project/andaime/pkg/providers/azure/deploy.go:221.4,221.48 1 0
github.com/bacalhau-project/andaime/pkg/providers/azure/deploy.go:221.48,223.5 1 0
github.com/bacalhau-project/andaime/pkg/providers/azure/deploy.go:224.4,224.63 1 0
github.com/bacalhau-project/andaime/pkg/providers/azure/deploy.go:227.3,235.60 2 0
github.com/bacalhau-project/andaime/pkg/providers/azure/deploy.go:235.60,243.18 2 0
github.com/bacalhau-project/andaime/pkg/providers/azure/deploy.go:243.18,246.5 2 0
github.com/bacalhau-project/andaime/pkg/providers/azure/deploy.go:249.2,249.12 1 0
github.com/bacalhau-project/andaime/pkg/providers/azure/deploy.go:259.28,260.49 1 0
github.com/bacalhau-project/andaime/pkg/providers/azure/deploy.go:260.49,262.3 1 0
github.com/bacalhau-project/andaime/pkg/providers/azure/deploy.go:264.2,265.33 2 0
github.com/bacalhau-project/andaime/pkg/providers/azure/deploy.go:265.33,267.23 2 0
github.com/bacalhau-project/andaime/pkg/providers/azure/deploy.go:267.23,269.4 1 0
github.com/bacalhau-project/andaime/pkg/providers/azure/deploy.go:270.3,270.48 1 0
github.com/bacalhau-project/andaime/pkg/providers/azure/deploy.go:270.48,272.4 1 0
github.com/bacalhau-project/andaime/pkg/providers/azure/deploy.go:273.8,278.3 1 0
github.com/bacalhau-project/andaime/pkg/providers/azure/deploy.go:280.2,280.36 1 0
github.com/bacalhau-project/andaime/pkg/providers/azure/deploy.go:280.36,292.17 3 0
github.com/bacalhau-project/andaime/pkg/providers/azure/deploy.go:292.17,295.4 2 0
github.com/bacalhau-project/andaime/pkg/providers/azure/deploy.go:298.2,298.12 1 0
github.com/bacalhau-project/andaime/pkg/providers/azure/mocks.go:67.39,69.2 1 1
github.com/bacalhau-project/andaime/pkg/providers/azure/mocks.go:71.54,73.2 1 0
github.com/bacalhau-project/andaime/pkg/providers/azure/mocks.go:75.60,77.2 1 0
github.com/bacalhau-project/andaime/pkg/providers/azure/mocks.go:82.64,84.2 1 0
github.com/bacalhau-project/andaime/pkg/providers/azure/mocks.go:86.175,88.2 1 1
github.com/bacalhau-project/andaime/pkg/providers/azure/mocks.go:90.147,92.2 1 0
github.com/bacalhau-project/andaime/pkg/providers/azure/mocks.go:97.63,99.2 1 1
github.com/bacalhau-project/andaime/pkg/providers/azure/mocks.go:102.72,104.2 1 0
github.com/bacalhau-project/andaime/pkg/providers/azure/mocks.go:110.62,112.2 1 1
github.com/bacalhau-project/andaime/pkg/providers/azure/mocks.go:115.71,117.2 1 0
github.com/bacalhau-project/andaime/pkg/providers/azure/mocks.go:122.57,124.2 1 1
github.com/bacalhau-project/andaime/pkg/providers/azure/mocks.go:127.67,129.2 1 0
github.com/bacalhau-project/andaime/pkg/providers/azure/mocks.go:135.61,137.2 1 1
github.com/bacalhau-project/andaime/pkg/providers/azure/mocks.go:140.70,142.2 1 0
github.com/bacalhau-project/andaime/pkg/providers/azure/mocks.go:145.122,147.2 1 0
github.com/bacalhau-project/andaime/pkg/providers/azure/mocks.go:150.123,152.2 1 0
github.com/bacalhau-project/andaime/pkg/providers/azure/mocks.go:158.73,161.2 2 0
github.com/bacalhau-project/andaime/pkg/providers/azure/mocks.go:165.57,167.2 1 0
github.com/bacalhau-project/andaime/pkg/providers/azure/mocks.go:169.39,173.2 1 1
github.com/bacalhau-project/andaime/pkg/providers/azure/provider.go:28.69,29.28 1 0
github.com/bacalhau-project/andaime/pkg/providers/azure/provider.go:29.28,31.3 1 0
github.com/bacalhau-project/andaime/pkg/providers/azure/provider.go:33.2,33.44 1 0
github.com/bacalhau-project/andaime/pkg/providers/azure/provider.go:33.44,35.3 1 0
github.com/bacalhau-project/andaime/pkg/providers/azure/provider.go:37.2,39.16 3 0
github.com/bacalhau-project/andaime/pkg/providers/azure/provider.go:39.16,41.3 1 0
github.com/bacalhau-project/andaime/pkg/providers/azure/provider.go:43.2,46.8 1 0
github.com/bacalhau-project/andaime/pkg/providers/azure/provider.go:49.49,51.2 1 0
github.com/bacalhau-project/andaime/pkg/providers/azure/provider.go:53.55,55.2 1 0
github.com/bacalhau-project/andaime/pkg/providers/azure/provider.go:57.50,59.2 1 0
github.com/bacalhau-project/andaime/pkg/providers/azure/provider.go:61.56,63.2 1 0
github.com/bacalhau-project/andaime/pkg/providers/azure/resource_group.go:19.64,23.18 2 0
github.com/bacalhau-project/andaime/pkg/providers/azure/resource_group.go:23.18,25.3 1 0
github.com/bacalhau-project/andaime/pkg/providers/azure/resource_group.go:27.2,27.39 1 0
github.com/bacalhau-project/andaime/pkg/providers/azure/resource_group.go:27.39,29.3 1 0
github.com/bacalhau-project/andaime/pkg/providers/azure/resource_group.go:31.2,31.43 1 0
github.com/bacalhau-project/andaime/pkg/providers/azure/resource_group.go:31.43,33.3 1 0
github.com/bacalhau-project/andaime/pkg/providers/azure/resource_group.go:36.2,37.16 2 0
github.com/bacalhau-project/andaime/pkg/providers/azure/resource_group.go:37.16,40.3 2 0
github.com/bacalhau-project/andaime/pkg/providers/azure/resource_group.go:43.2,53.16 3 0
github.com/bacalhau-project/andaime/pkg/providers/azure/resource_group.go:53.16,56.3 2 0
github.com/bacalhau-project/andaime/pkg/providers/azure/resource_group.go:59.2,60.44 2 0
github.com/bacalhau-project/andaime/pkg/providers/azure/resource_group.go:60.44,62.3 1 0
github.com/bacalhau-project/andaime/pkg/providers/azure/resource_group.go:64.2,65.35 2 0
github.com/bacalhau-project/andaime/pkg/providers/azure/resource_group.go:70.54,76.16 5 0
github.com/bacalhau-project/andaime/pkg/providers/azure/resource_group.go:76.16,78.3 1 0
github.com/bacalhau-project/andaime/pkg/providers/azure/resource_group.go:79.2,80.17 2 0
github.com/bacalhau-project/andaime/pkg/providers/azure/utils.go:10.66,20.2 1 1
github.com/bacalhau-project/andaime/pkg/providers/azure/utils.go:22.89,23.17 1 1
github.com/bacalhau-project/andaime/pkg/providers/azure/utils.go:23.17,25.3 1 0
github.com/bacalhau-project/andaime/pkg/providers/azure/utils.go:26.2,26.28 1 1
github.com/bacalhau-project/andaime/pkg/providers/azure/utils.go:26.28,28.3 1 0
github.com/bacalhau-project/andaime/pkg/providers/azure/utils.go:29.2,29.32 1 1
github.com/bacalhau-project/andaime/pkg/providers/azure/utils.go:29.32,31.3 1 0
github.com/bacalhau-project/andaime/pkg/providers/azure/utils.go:32.2,32.46 1 1
github.com/bacalhau-project/andaime/pkg/providers/azure/utils.go:32.46,34.3 1 0
github.com/bacalhau-project/andaime/pkg/providers/azure/utils.go:35.2,35.30 1 1
github.com/bacalhau-project/andaime/pkg/providers/azure/utils.go:35.30,37.3 1 0
github.com/bacalhau-project/andaime/pkg/providers/azure/utils.go:38.2,38.31 1 1
github.com/bacalhau-project/andaime/pkg/providers/azure/utils.go:38.31,40.3 1 0
github.com/bacalhau-project/andaime/pkg/providers/azure/utils.go:41.2,41.36 1 1
github.com/bacalhau-project/andaime/pkg/providers/azure/utils.go:41.36,43.3 1 0
github.com/bacalhau-project/andaime/pkg/providers/azure/utils.go:44.2,44.13 1 1
github.com/bacalhau-project/andaime/pkg/providers/azure/utils.go:47.49,50.37 1 0
github.com/bacalhau-project/andaime/pkg/providers/azure/utils.go:50.37,52.3 1 0
github.com/bacalhau-project/andaime/pkg/providers/azure/utils.go:53.2,53.28 1 0
github.com/bacalhau-project/andaime/pkg/providers/azure/utils.go:53.28,56.69 1 0
github.com/bacalhau-project/andaime/pkg/providers/azure/utils.go:56.69,58.4 1 0
github.com/bacalhau-project/andaime/pkg/providers/azure/utils.go:60.2,60.13 1 0
github.com/bacalhau-project/andaime/pkg/providers/azure/vm_deployment.go:29.39,40.16 8 1
github.com/bacalhau-project/andaime/pkg/providers/azure/vm_deployment.go:40.16,42.3 1 0
github.com/bacalhau-project/andaime/pkg/providers/azure/vm_deployment.go:44.2,45.16 2 1
github.com/bacalhau-project/andaime/pkg/providers/azure/vm_deployment.go:45.16,47.3 1 0
github.com/bacalhau-project/andaime/pkg/providers/azure/vm_deployment.go:49.2,50.16 2 1
github.com/bacalhau-project/andaime/pkg/providers/azure/vm_deployment.go:50.16,52.3 1 0
github.com/bacalhau-project/andaime/pkg/providers/azure/vm_deployment.go:54.2,55.16 2 1
github.com/bacalhau-project/andaime/pkg/providers/azure/vm_deployment.go:55.16,57.3 1 0
github.com/bacalhau-project/andaime/pkg/providers/azure/vm_deployment.go:60.2,70.16 2 1
github.com/bacalhau-project/andaime/pkg/providers/azure/vm_deployment.go:70.16,72.3 1 0
github.com/bacalhau-project/andaime/pkg/providers/azure/vm_deployment.go:75.2,86.16 2 1
github.com/bacalhau-project/andaime/pkg/providers/azure/vm_deployment.go:86.16,88.3 1 0
github.com/bacalhau-project/andaime/pkg/providers/azure/vm_deployment.go:91.2,104.16 2 1
github.com/bacalhau-project/andaime/pkg/providers/azure/vm_deployment.go:104.16,106.3 1 0
github.com/bacalhau-project/andaime/pkg/providers/azure/vm_deployment.go:109.2,123.16 2 1
github.com/bacalhau-project/andaime/pkg/providers/azure/vm_deployment.go:123.16,125.3 1 0
github.com/bacalhau-project/andaime/pkg/providers/azure/vm_deployment.go:128.2,129.72 2 1
github.com/bacalhau-project/andaime/pkg/providers/azure/vm_deployment.go:129.72,131.3 1 1
github.com/bacalhau-project/andaime/pkg/providers/azure/vm_deployment.go:133.2,142.16 4 1
github.com/bacalhau-project/andaime/pkg/providers/azure/vm_deployment.go:142.16,144.3 1 0
github.com/bacalhau-project/andaime/pkg/providers/azure/vm_deployment.go:145.2,146.16 2 1
github.com/bacalhau-project/andaime/pkg/providers/azure/vm_deployment.go:146.16,148.3 1 0
github.com/bacalhau-project/andaime/pkg/providers/azure/vm_deployment.go:150.2,150.23 1 1
github.com/bacalhau-project/andaime/pkg/providers/azure/vm_deployment.go:158.55,173.16 7 1
github.com/bacalhau-project/andaime/pkg/providers/azure/vm_deployment.go:173.16,175.3 1 0
github.com/bacalhau-project/andaime/pkg/providers/azure/vm_deployment.go:177.2,181.86 5 1
github.com/bacalhau-project/andaime/pkg/providers/azure/vm_deployment.go:181.86,183.3 1 0
github.com/bacalhau-project/andaime/pkg/providers/azure/vm_deployment.go:185.2,185.119 1 1
github.com/bacalhau-project/andaime/pkg/providers/azure/vm_deployment.go:185.119,187.3 1 1
github.com/bacalhau-project/andaime/pkg/providers/azure/vm_deployment.go:189.2,189.75 1 0
github.com/bacalhau-project/andaime/pkg/providers/azure/vm_deployment.go:200.40,212.16 4 1
github.com/bacalhau-project/andaime/pkg/providers/azure/vm_deployment.go:212.16,214.3 1 0
github.com/bacalhau-project/andaime/pkg/providers/azure/vm_deployment.go:216.2,216.24 1 1
github.com/bacalhau-project/andaime/pkg/providers/azure/vm_deployment.go:229.34,253.16 4 1
github.com/bacalhau-project/andaime/pkg/providers/azure/vm_deployment.go:253.16,255.3 1 0
github.com/bacalhau-project/andaime/pkg/providers/azure/vm_deployment.go:257.2,257.25 1 1
github.com/bacalhau-project/andaime/pkg/providers/azure/vm_deployment.go:270.39,324.16 4 1
github.com/bacalhau-project/andaime/pkg/providers/azure/vm_deployment.go:324.16,326.3 1 0
github.com/bacalhau-project/andaime/pkg/providers/azure/vm_deployment.go:328.2,328.24 1 1
github.com/bacalhau-project/andaime/pkg/providers/azure/vm_deployment.go:339.38,344.29 3 1
github.com/bacalhau-project/andaime/pkg/providers/azure/vm_deployment.go:344.29,359.3 2 1
github.com/bacalhau-project/andaime/pkg/providers/azure/vm_deployment.go:361.2,370.16 3 1
github.com/bacalhau-project/andaime/pkg/providers/azure/vm_deployment.go:370.16,372.3 1 0
github.com/bacalhau-project/andaime/pkg/providers/azure/vm_deployment.go:374.2,374.25 1 1
github.com/bacalhau-project/andaime/utils/strings.go:16.34,18.2 1 0
github.com/bacalhau-project/andaime/utils/strings.go:20.45,22.16 2 0
github.com/bacalhau-project/andaime/utils/strings.go:22.16,25.3 1 0
github.com/bacalhau-project/andaime/utils/strings.go:26.2,26.18 1 0
github.com/bacalhau-project/andaime/utils/strings.go:29.32,32.19 3 1
github.com/bacalhau-project/andaime/utils/strings.go:32.19,34.17 2 1
github.com/bacalhau-project/andaime/utils/strings.go:34.17,36.4 1 0
github.com/bacalhau-project/andaime/utils/strings.go:37.3,37.37 1 1
github.com/bacalhau-project/andaime/utils/strings.go:39.2,39.18 1 1
github.com/bacalhau-project/andaime/utils/strings.go:43.34,47.14 2 0
github.com/bacalhau-project/andaime/utils/strings.go:47.14,49.3 1 0
github.com/bacalhau-project/andaime/utils/strings.go:49.8,52.3 2 0
github.com/bacalhau-project/andaime/utils/strings.go:55.46,56.35 1 1
github.com/bacalhau-project/andaime/utils/strings.go:56.35,58.17 2 0
github.com/bacalhau-project/andaime/utils/strings.go:58.17,60.4 1 0
github.com/bacalhau-project/andaime/utils/strings.go:61.3,61.46 1 0
github.com/bacalhau-project/andaime/utils/strings.go:63.2,63.18 1 1
github.com/bacalhau-project/andaime/utils/strings.go:67.60,70.29 2 1
github.com/bacalhau-project/andaime/utils/strings.go:70.29,72.3 1 1
github.com/bacalhau-project/andaime/utils/strings.go:73.2,74.28 2 1
github.com/bacalhau-project/andaime/utils/strings.go:74.28,76.3 1 1
github.com/bacalhau-project/andaime/utils/strings.go:79.2,82.22 2 1
github.com/bacalhau-project/andaime/utils/strings.go:82.22,84.3 1 0
github.com/bacalhau-project/andaime/utils/strings.go:86.2,86.15 1 1
github.com/bacalhau-project/andaime/internal/testutil/testutil.go:10.50,13.16 3 0
github.com/bacalhau-project/andaime/internal/testutil/testutil.go:13.16,15.3 1 0
github.com/bacalhau-project/andaime/internal/testutil/testutil.go:16.2,20.16 5 0
github.com/bacalhau-project/andaime/internal/testutil/testutil.go:20.16,22.3 1 0
github.com/bacalhau-project/andaime/internal/testutil/testutil.go:23.2,23.30 1 0
github.com/bacalhau-project/andaime/internal/testutil/testutil.go:27.99,29.16 2 0
github.com/bacalhau-project/andaime/internal/testutil/testutil.go:29.16,31.3 1 0
github.com/bacalhau-project/andaime/internal/testutil/testutil.go:33.2,33.39 1 0
github.com/bacalhau-project/andaime/internal/testutil/testutil.go:36.68,38.16 2 1
github.com/bacalhau-project/andaime/internal/testutil/testutil.go:38.16,40.3 1 0
github.com/bacalhau-project/andaime/internal/testutil/testutil.go:42.2,42.57 1 1
github.com/bacalhau-project/andaime/internal/testutil/testutil.go:42.57,46.3 3 0
github.com/bacalhau-project/andaime/internal/testutil/testutil.go:48.2,50.20 2 1
github.com/bacalhau-project/andaime/internal/testutil/testutil.go:50.20,52.3 1 1
github.com/bacalhau-project/andaime/internal/testutil/testutil.go:54.2,54.38 1 1
github.com/bacalhau-project/andaime/internal/testutil/testutil.go:57.77,59.16 2 1
github.com/bacalhau-project/andaime/internal/testutil/testutil.go:59.16,60.13 1 0
github.com/bacalhau-project/andaime/internal/testutil/testutil.go:62.2,63.16 2 1
github.com/bacalhau-project/andaime/internal/testutil/testutil.go:63.16,64.13 1 0
github.com/bacalhau-project/andaime/internal/testutil/testutil.go:67.2,67.89 1 1
github.com/bacalhau-project/andaime/pkg/logger/logger.go:35.46,38.15 3 0
github.com/bacalhau-project/andaime/pkg/logger/logger.go:39.25,40.25 1 0
github.com/bacalhau-project/andaime/pkg/logger/logger.go:41.25,42.26 1 0
github.com/bacalhau-project/andaime/pkg/logger/logger.go:43.26,44.24 1 0
github.com/bacalhau-project/andaime/pkg/logger/logger.go:45.10,46.25 1 0
github.com/bacalhau-project/andaime/pkg/logger/logger.go:48.2,48.68 1 0
github.com/bacalhau-project/andaime/pkg/logger/logger.go:61.59,62.31 1 0
github.com/bacalhau-project/andaime/pkg/logger/logger.go:62.31,64.3 1 0
github.com/bacalhau-project/andaime/pkg/logger/logger.go:65.2,65.20 1 0
github.com/bacalhau-project/andaime/pkg/logger/logger.go:69.34,71.38 2 1
github.com/bacalhau-project/andaime/pkg/logger/logger.go:72.15,73.28 1 0
github.com/bacalhau-project/andaime/pkg/logger/logger.go:74.14,75.27 1 0
github.com/bacalhau-project/andaime/pkg/logger/logger.go:76.14,77.27 1 0
github.com/bacalhau-project/andaime/pkg/logger/logger.go:78.15,79.28 1 0
github.com/bacalhau-project/andaime/pkg/logger/logger.go:80.10,81.27 1 1
github.com/bacalhau-project/andaime/pkg/logger/logger.go:84.23,85.17 1 1
github.com/bacalhau-project/andaime/pkg/logger/logger.go:85.17,115.37 6 1
github.com/bacalhau-project/andaime/pkg/logger/logger.go:115.37,122.18 4 0
github.com/bacalhau-project/andaime/pkg/logger/logger.go:122.18,124.5 1 0
github.com/bacalhau-project/andaime/pkg/logger/logger.go:124.10,131.5 2 0
github.com/bacalhau-project/andaime/pkg/logger/logger.go:135.3,139.24 3 1
github.com/bacalhau-project/andaime/pkg/logger/logger.go:147.61,149.37 1 0
github.com/bacalhau-project/andaime/pkg/logger/logger.go:149.37,151.3 1 0
github.com/bacalhau-project/andaime/pkg/logger/logger.go:151.8,153.3 1 0
github.com/bacalhau-project/andaime/pkg/logger/logger.go:154.2,154.20 1 0
github.com/bacalhau-project/andaime/pkg/logger/logger.go:158.36,159.17 1 0
github.com/bacalhau-project/andaime/pkg/logger/logger.go:159.17,165.54 2 0
github.com/bacalhau-project/andaime/pkg/logger/logger.go:165.54,167.5 1 0
github.com/bacalhau-project/andaime/pkg/logger/logger.go:170.3,170.31 1 0
github.com/bacalhau-project/andaime/pkg/logger/logger.go:175.20,176.25 1 1
github.com/bacalhau-project/andaime/pkg/logger/logger.go:176.25,178.3 1 1
github.com/bacalhau-project/andaime/pkg/logger/logger.go:179.2,181.15 3 1
github.com/bacalhau-project/andaime/pkg/logger/logger.go:185.52,187.2 1 0
github.com/bacalhau-project/andaime/pkg/logger/logger.go:190.57,192.2 1 1
github.com/bacalhau-project/andaime/pkg/logger/logger.go:195.56,197.2 1 1
github.com/bacalhau-project/andaime/pkg/logger/logger.go:200.56,202.2 1 1
github.com/bacalhau-project/andaime/pkg/logger/logger.go:205.57,207.2 1 0
github.com/bacalhau-project/andaime/pkg/logger/logger.go:210.57,212.2 1 0
github.com/bacalhau-project/andaime/pkg/logger/logger.go:215.31,217.2 1 0
github.com/bacalhau-project/andaime/pkg/logger/logger.go:220.61,223.2 2 0
github.com/bacalhau-project/andaime/pkg/logger/logger.go:226.60,229.2 2 0
github.com/bacalhau-project/andaime/pkg/logger/logger.go:232.60,235.2 2 0
github.com/bacalhau-project/andaime/pkg/logger/logger.go:238.61,241.2 2 0
github.com/bacalhau-project/andaime/pkg/logger/logger.go:244.61,247.2 2 0
github.com/bacalhau-project/andaime/pkg/logger/logger.go:250.29,252.2 1 0
github.com/bacalhau-project/andaime/pkg/logger/logger.go:255.36,256.25 1 0
github.com/bacalhau-project/andaime/pkg/logger/logger.go:256.25,258.3 1 0
github.com/bacalhau-project/andaime/pkg/logger/logger.go:259.2,259.67 1 0
github.com/bacalhau-project/andaime/pkg/logger/logger.go:263.37,264.42 1 0
github.com/bacalhau-project/andaime/pkg/logger/logger.go:264.42,267.3 2 0
github.com/bacalhau-project/andaime/pkg/logger/logger.go:267.8,269.3 1 0
github.com/bacalhau-project/andaime/pkg/logger/logger.go:270.2,270.18 1 0
github.com/bacalhau-project/andaime/pkg/logger/logger.go:277.61,279.2 1 0
github.com/bacalhau-project/andaime/pkg/logger/logger.go:282.41,284.25 2 0
github.com/bacalhau-project/andaime/pkg/logger/logger.go:284.25,286.3 1 0
github.com/bacalhau-project/andaime/pkg/logger/logger.go:290.50,292.16 2 0
github.com/bacalhau-project/andaime/pkg/logger/logger.go:292.16,294.3 1 0
github.com/bacalhau-project/andaime/pkg/logger/logger.go:294.8,296.3 1 0
github.com/bacalhau-project/andaime/pkg/logger/logger.go:299.29,300.25 1 0
github.com/bacalhau-project/andaime/pkg/logger/logger.go:300.25,302.3 1 0
github.com/bacalhau-project/andaime/pkg/logger/logger.go:303.2,303.25 1 0
github.com/bacalhau-project/andaime/pkg/logger/logger.go:306.36,307.25 1 0
github.com/bacalhau-project/andaime/pkg/logger/logger.go:307.25,309.3 1 0
github.com/bacalhau-project/andaime/pkg/logger/logger.go:310.2,310.24 1 0
github.com/bacalhau-project/andaime/pkg/sshutils/mock_sshutils.go:17.73,18.29 1 0
github.com/bacalhau-project/andaime/pkg/sshutils/mock_sshutils.go:18.29,20.3 1 0
github.com/bacalhau-project/andaime/pkg/sshutils/mock_sshutils.go:21.2,21.12 1 0
github.com/bacalhau-project/andaime/pkg/sshutils/mock_sshutils.go:24.60,27.2 2 1
github.com/bacalhau-project/andaime/pkg/sshutils/mock_sshutils.go:29.39,32.2 2 0
github.com/bacalhau-project/andaime/pkg/sshutils/mock_sshutils.go:34.89,37.2 2 1
github.com/bacalhau-project/andaime/pkg/sshutils/mock_sshutils.go:43.62,46.2 2 1
github.com/bacalhau-project/andaime/pkg/sshutils/mock_sshutils.go:48.41,51.2 2 1
github.com/bacalhau-project/andaime/pkg/sshutils/mock_sshutils.go:66.42,68.2 1 0
github.com/bacalhau-project/andaime/pkg/sshutils/mock_sshutils.go:70.48,73.2 2 1
github.com/bacalhau-project/andaime/pkg/sshutils/mock_sshutils.go:75.69,78.2 2 1
github.com/bacalhau-project/andaime/pkg/sshutils/mock_sshutils.go:80.62,83.2 2 1
github.com/bacalhau-project/andaime/pkg/sshutils/mock_sshutils.go:85.58,88.2 2 0
github.com/bacalhau-project/andaime/pkg/sshutils/mock_sshutils.go:90.58,93.2 2 0
github.com/bacalhau-project/andaime/pkg/sshutils/mock_sshutils.go:95.50,98.2 2 1
github.com/bacalhau-project/andaime/pkg/sshutils/mock_sshutils.go:100.40,103.2 2 1
github.com/bacalhau-project/andaime/pkg/sshutils/mock_sshutils.go:105.39,108.2 2 1
github.com/bacalhau-project/andaime/pkg/sshutils/ssh_client.go:26.84,28.2 1 0
github.com/bacalhau-project/andaime/pkg/sshutils/ssh_client.go:30.58,32.16 2 0
github.com/bacalhau-project/andaime/pkg/sshutils/ssh_client.go:32.16,34.3 1 0
github.com/bacalhau-project/andaime/pkg/sshutils/ssh_client.go:35.2,36.12 2 0
github.com/bacalhau-project/andaime/pkg/sshutils/ssh_client.go:39.57,40.22 1 0
github.com/bacalhau-project/andaime/pkg/sshutils/ssh_client.go:40.22,42.3 1 0
github.com/bacalhau-project/andaime/pkg/sshutils/ssh_client.go:43.2,43.31 1 0
github.com/bacalhau-project/andaime/pkg/sshutils/ssh_client.go:46.36,47.22 1 0
github.com/bacalhau-project/andaime/pkg/sshutils/ssh_client.go:47.22,49.3 1 0
github.com/bacalhau-project/andaime/pkg/sshutils/ssh_client.go:50.2,50.26 1 0
github.com/bacalhau-project/andaime/pkg/sshutils/ssh_client_wrapper.go:9.63,11.16 2 0
github.com/bacalhau-project/andaime/pkg/sshutils/ssh_client_wrapper.go:11.16,13.3 1 0
github.com/bacalhau-project/andaime/pkg/sshutils/ssh_client_wrapper.go:14.2,14.50 1 0
github.com/bacalhau-project/andaime/pkg/sshutils/ssh_client_wrapper.go:17.42,19.2 1 0
github.com/bacalhau-project/andaime/pkg/sshutils/ssh_config.go:39.48,42.16 2 1
github.com/bacalhau-project/andaime/pkg/sshutils/ssh_config.go:42.16,44.3 1 0
github.com/bacalhau-project/andaime/pkg/sshutils/ssh_config.go:46.2,55.8 1 1
github.com/bacalhau-project/andaime/pkg/sshutils/ssh_config.go:58.52,66.16 3 1
github.com/bacalhau-project/andaime/pkg/sshutils/ssh_config.go:66.16,68.3 1 0
github.com/bacalhau-project/andaime/pkg/sshutils/ssh_config.go:70.2,71.29 2 1
github.com/bacalhau-project/andaime/pkg/sshutils/ssh_config.go:71.29,73.3 1 1
github.com/bacalhau-project/andaime/pkg/sshutils/ssh_config.go:73.8,75.17 2 1
github.com/bacalhau-project/andaime/pkg/sshutils/ssh_config.go:75.17,81.4 2 1
github.com/bacalhau-project/andaime/pkg/sshutils/ssh_config.go:83.2,93.16 3 1
github.com/bacalhau-project/andaime/pkg/sshutils/ssh_config.go:93.16,95.3 1 1
github.com/bacalhau-project/andaime/pkg/sshutils/ssh_config.go:97.2,97.20 1 1
github.com/bacalhau-project/andaime/pkg/sshutils/ssh_config.go:100.88,106.73 3 1
github.com/bacalhau-project/andaime/pkg/sshutils/ssh_config.go:106.73,108.17 2 1
github.com/bacalhau-project/andaime/pkg/sshutils/ssh_config.go:108.17,110.4 1 0
github.com/bacalhau-project/andaime/pkg/sshutils/ssh_config.go:111.3,114.17 3 1
github.com/bacalhau-project/andaime/pkg/sshutils/ssh_config.go:114.17,116.4 1 0
github.com/bacalhau-project/andaime/pkg/sshutils/ssh_config.go:117.3,118.13 2 1
github.com/bacalhau-project/andaime/pkg/sshutils/ssh_config.go:121.2,121.20 1 1
github.com/bacalhau-project/andaime/pkg/sshutils/ssh_config.go:124.86,131.16 3 1
github.com/bacalhau-project/andaime/pkg/sshutils/ssh_config.go:131.16,133.3 1 0
github.com/bacalhau-project/andaime/pkg/sshutils/ssh_config.go:134.2,139.16 4 1
github.com/bacalhau-project/andaime/pkg/sshutils/ssh_config.go:139.16,141.3 1 0
github.com/bacalhau-project/andaime/pkg/sshutils/ssh_config.go:142.2,146.16 3 1
github.com/bacalhau-project/andaime/pkg/sshutils/ssh_config.go:146.16,148.3 1 0
github.com/bacalhau-project/andaime/pkg/sshutils/ssh_config.go:151.2,152.16 2 1
github.com/bacalhau-project/andaime/pkg/sshutils/ssh_config.go:152.16,154.3 1 0
github.com/bacalhau-project/andaime/pkg/sshutils/ssh_config.go:155.2,159.16 3 1
github.com/bacalhau-project/andaime/pkg/sshutils/ssh_config.go:159.16,161.3 1 0
github.com/bacalhau-project/andaime/pkg/sshutils/ssh_config.go:164.2,165.16 2 1
github.com/bacalhau-project/andaime/pkg/sshutils/ssh_config.go:165.16,167.3 1 0
github.com/bacalhau-project/andaime/pkg/sshutils/ssh_config.go:170.2,171.16 2 1
github.com/bacalhau-project/andaime/pkg/sshutils/ssh_config.go:171.16,173.3 1 0
github.com/bacalhau-project/andaime/pkg/sshutils/ssh_config.go:175.2,175.12 1 1
github.com/bacalhau-project/andaime/pkg/sshutils/ssh_config.go:178.105,185.16 4 1
github.com/bacalhau-project/andaime/pkg/sshutils/ssh_config.go:185.16,187.3 1 0
github.com/bacalhau-project/andaime/pkg/sshutils/ssh_config.go:188.2,192.16 4 1
github.com/bacalhau-project/andaime/pkg/sshutils/ssh_config.go:192.16,194.3 1 1
github.com/bacalhau-project/andaime/pkg/sshutils/ssh_config.go:196.2,196.12 1 0
github.com/bacalhau-project/andaime/pkg/sshutils/ssh_config.go:199.80,201.2 1 1
github.com/bacalhau-project/andaime/pkg/sshutils/ssh_config.go:203.82,205.2 1 1
github.com/bacalhau-project/andaime/pkg/sshutils/ssh_config.go:207.89,213.16 3 1
github.com/bacalhau-project/andaime/pkg/sshutils/ssh_config.go:213.16,215.3 1 0
github.com/bacalhau-project/andaime/pkg/sshutils/ssh_config.go:216.2,220.16 4 1
github.com/bacalhau-project/andaime/pkg/sshutils/ssh_config.go:220.16,222.3 1 1
github.com/bacalhau-project/andaime/pkg/sshutils/ssh_config.go:224.2,224.12 1 1
github.com/bacalhau-project/andaime/pkg/sshutils/ssh_dial.go:15.76,17.90 1 0
github.com/bacalhau-project/andaime/pkg/sshutils/ssh_dial.go:17.90,19.18 2 0
github.com/bacalhau-project/andaime/pkg/sshutils/ssh_dial.go:19.18,21.5 1 0
github.com/bacalhau-project/andaime/pkg/sshutils/ssh_dial.go:22.4,22.49 1 0
github.com/bacalhau-project/andaime/pkg/sshutils/ssh_dial.go:31.93,33.2 1 0
github.com/bacalhau-project/andaime/pkg/sshutils/ssh_dial.go:43.99,45.24 2 1
github.com/bacalhau-project/andaime/pkg/sshutils/ssh_dial.go:45.24,47.3 1 1
github.com/bacalhau-project/andaime/pkg/sshutils/ssh_dial.go:48.2,48.39 1 1
github.com/bacalhau-project/andaime/pkg/sshutils/ssh_dial.go:52.40,54.2 1 1
github.com/bacalhau-project/andaime/pkg/sshutils/ssh_dial.go:56.70,63.16 6 1
github.com/bacalhau-project/andaime/pkg/sshutils/ssh_dial.go:63.16,64.13 1 0
github.com/bacalhau-project/andaime/pkg/sshutils/ssh_dial.go:66.2,67.27 2 1
github.com/bacalhau-project/andaime/pkg/sshutils/ssh_session_wrapper.go:13.53,15.2 1 0
github.com/bacalhau-project/andaime/pkg/sshutils/ssh_session_wrapper.go:18.51,20.2 1 0
github.com/bacalhau-project/andaime/pkg/sshutils/ssh_session_wrapper.go:22.72,24.2 1 0
github.com/bacalhau-project/andaime/pkg/sshutils/ssh_session_wrapper.go:26.43,28.2 1 0
github.com/bacalhau-project/andaime/pkg/sshutils/ssh_session_wrapper.go:30.42,32.2 1 0
github.com/bacalhau-project/andaime/pkg/sshutils/ssh_session_wrapper.go:34.58,36.2 1 0
github.com/bacalhau-project/andaime/pkg/sshutils/ssh_session_wrapper.go:38.65,40.2 1 0
github.com/bacalhau-project/andaime/pkg/sshutils/ssh_session_wrapper.go:42.61,44.2 1 0
github.com/bacalhau-project/andaime/pkg/sshutils/ssh_session_wrapper.go:46.61,48.2 1 0
github.com/bacalhau-project/andaime/pkg/sshutils/ssh_waiter.go:21.64,23.2 1 0
github.com/bacalhau-project/andaime/pkg/sshutils/ssh_waiter.go:26.42,28.19 2 0
github.com/bacalhau-project/andaime/pkg/sshutils/ssh_waiter.go:28.19,32.3 3 0
github.com/bacalhau-project/andaime/pkg/sshutils/ssh_waiter.go:33.2,42.16 4 0
github.com/bacalhau-project/andaime/pkg/sshutils/ssh_waiter.go:42.16,46.3 3 0
github.com/bacalhau-project/andaime/pkg/sshutils/ssh_waiter.go:47.2,59.40 4 0
github.com/bacalhau-project/andaime/pkg/sshutils/ssh_waiter.go:59.40,65.17 5 0
github.com/bacalhau-project/andaime/pkg/sshutils/ssh_waiter.go:65.17,70.12 5 0
github.com/bacalhau-project/andaime/pkg/sshutils/ssh_waiter.go:73.3,73.16 1 0
github.com/bacalhau-project/andaime/pkg/sshutils/ssh_waiter.go:73.16,74.21 1 0
github.com/bacalhau-project/andaime/pkg/sshutils/ssh_waiter.go:74.21,76.5 1 0
github.com/bacalhau-project/andaime/pkg/sshutils/ssh_waiter.go:77.4,77.22 1 0
github.com/bacalhau-project/andaime/pkg/sshutils/ssh_waiter.go:77.22,79.5 1 0
github.com/bacalhau-project/andaime/pkg/sshutils/ssh_waiter.go:82.3,82.21 1 0
github.com/bacalhau-project/andaime/pkg/sshutils/ssh_waiter.go:82.21,86.12 4 0
github.com/bacalhau-project/andaime/pkg/sshutils/ssh_waiter.go:89.3,90.13 2 0
github.com/bacalhau-project/andaime/pkg/sshutils/ssh_waiter.go:93.2,95.12 3 0
github.com/bacalhau-project/andaime/pkg/sshutils/sshutils.go:16.69,18.40 2 1
github.com/bacalhau-project/andaime/pkg/sshutils/sshutils.go:18.40,19.28 1 1
github.com/bacalhau-project/andaime/pkg/sshutils/sshutils.go:19.28,21.4 1 1
github.com/bacalhau-project/andaime/pkg/sshutils/sshutils.go:22.3,22.20 1 0
github.com/bacalhau-project/andaime/pkg/sshutils/sshutils.go:24.2,24.71 1 0
github.com/bacalhau-project/andaime/pkg/sshutils/sshutils.go:27.53,29.16 2 1
github.com/bacalhau-project/andaime/pkg/sshutils/sshutils.go:29.16,31.3 1 0
github.com/bacalhau-project/andaime/pkg/sshutils/sshutils.go:32.2,36.21 4 1
github.com/bacalhau-project/andaime/pkg/sshutils/sshutils.go:36.21,39.45 3 1
github.com/bacalhau-project/andaime/pkg/sshutils/sshutils.go:39.45,40.12 1 0
github.com/bacalhau-project/andaime/pkg/sshutils/sshutils.go:42.3,42.40 1 1
github.com/bacalhau-project/andaime/pkg/sshutils/sshutils.go:42.40,45.18 3 0
github.com/bacalhau-project/andaime/pkg/sshutils/sshutils.go:45.18,47.5 1 0
github.com/bacalhau-project/andaime/pkg/sshutils/sshutils.go:48.4,48.9 1 0
github.com/bacalhau-project/andaime/pkg/sshutils/sshutils.go:52.2,52.20 1 1
github.com/bacalhau-project/andaime/pkg/sshutils/sshutils.go:52.20,54.3 1 1
github.com/bacalhau-project/andaime/pkg/sshutils/sshutils.go:56.2,56.21 1 0
github.com/bacalhau-project/andaime/pkg/sshutils/sshutils.go:59.71,61.16 2 1
github.com/bacalhau-project/andaime/pkg/sshutils/sshutils.go:61.16,63.3 1 1
github.com/bacalhau-project/andaime/pkg/sshutils/sshutils.go:64.2,64.39 1 0
github.com/bacalhau-project/andaime/pkg/sshutils/sshutils.go:67.54,69.2 1 0
github.com/bacalhau-project/andaime/pkg/sshutils/sshutils.go:86.74,91.16 4 0
github.com/bacalhau-project/andaime/pkg/sshutils/sshutils.go:91.16,93.3 1 0
github.com/bacalhau-project/andaime/pkg/sshutils/sshutils.go:96.2,98.16 3 0
github.com/bacalhau-project/andaime/pkg/sshutils/sshutils.go:98.16,100.3 1 0
github.com/bacalhau-project/andaime/pkg/sshutils/sshutils.go:103.2,103.42 1 0
github.com/bacalhau-project/andaime/pkg/sshutils/sshutils.go:103.42,105.3 1 0
github.com/bacalhau-project/andaime/pkg/sshutils/sshutils.go:108.2,108.44 1 0
github.com/bacalhau-project/andaime/pkg/sshutils/sshutils.go:108.44,110.3 1 0
github.com/bacalhau-project/andaime/pkg/sshutils/sshutils.go:112.2,112.12 1 0
github.com/bacalhau-project/andaime/pkg/sshutils/sshutils.go:115.40,117.2 1 0
github.com/bacalhau-project/andaime/pkg/sshutils/sshutils.go:119.41,121.2 1 0
github.com/bacalhau-project/andaime/pkg/sshutils/sshutils.go:123.58,127.17 2 0
github.com/bacalhau-project/andaime/pkg/sshutils/sshutils.go:127.17,129.3 1 0
github.com/bacalhau-project/andaime/pkg/sshutils/sshutils.go:129.8,131.3 1 0
